2011.06.05 12:10 B E:\filip\filip-project-vs19\www\legislativa-pdf\246_2006_nariadenie_vlady_o_biopalivach.pdf --> epomschar.aspone.cz /www/legislativa-pdf 246_2006_nariadenie_vlady_o_biopalivach.pdf
2011.06.05 12:10 B E:\filip\filip-project-vs19\www\legislativa-pdf\AKCNY_PLAN_VYUZIVANIA_BIOMASY.pdf --> epomschar.aspone.cz /www/legislativa-pdf AKCNY_PLAN_VYUZIVANIA_BIOMASY.pdf
2011.06.05 12:10 B E:\filip\filip-project-vs19\www\legislativa-pdf\Biopaliva_2008.pdf --> epomschar.aspone.cz /www/legislativa-pdf Biopaliva_2008.pdf
2011.06.05 12:10 B E:\filip\filip-project-vs19\www\legislativa-pdf\NAP_OZE.pdf --> epomschar.aspone.cz /www/legislativa-pdf NAP_OZE.pdf
2011.06.05 12:10 B E:\filip\filip-project-vs19\www\legislativa-pdf\Narodny_program_rozvoja_biopaliv.pdf --> epomschar.aspone.cz /www/legislativa-pdf Narodny_program_rozvoja_biopaliv.pdf
2011.06.05 12:11 B E:\filip\filip-project-vs19\www\legislativa-pdf\Smernica_EU_o_OZE_2009.pdf --> epomschar.aspone.cz /www/legislativa-pdf Smernica_EU_o_OZE_2009.pdf
2011.06.05 12:11 B E:\filip\filip-project-vs19\www\legislativa-pdf\Strategia_OZE_MH.pdf --> epomschar.aspone.cz /www/legislativa-pdf Strategia_OZE_MH.pdf
2011.06.05 12:11 B E:\filip\filip-project-vs19\www\legislativa-pdf\Zbierka_zakonov c._558_2010.pdf --> epomschar.aspone.cz /www/legislativa-pdf Zbierka_zakonov c._558_2010.pdf
2011.06.05 12:11 B E:\filip\filip-project-vs19\www\legislativa-pdf\Zbierka_zakonov_c.309_2009.pdf --> epomschar.aspone.cz /www/legislativa-pdf Zbierka_zakonov_c.309_2009.pdf
2011.06.05 12:11 B E:\filip\filip-project-vs19\www\legislativa-pdf\Zbierka_zakonov_c._136_2011.pdf --> epomschar.aspone.cz /www/legislativa-pdf Zbierka_zakonov_c._136_2011.pdf
2011.06.05 20:23 B E:\filip\filip-project-vs20\www\legislativa-pdf\WS_FTP.LOG --> epomschar.aspone.cz /www/legislativa-pdf WS_FTP.LOG
2011.06.07 15:00 B E:\filip\filip-project-vs20\www\legislativa-pdf\WS_FTP.LOG --> epomschar.aspone.cz /www/legislativa-pdf WS_FTP.LOG
2011.06.07 15:43 B E:\filip\filip-project-vs20\www\legislativa-pdf\WS_FTP.LOG --> epomschar.aspone.cz /www/legislativa-pdf WS_FTP.LOG
2011.06.23 15:08 B E:\filip\filip-project-vs21\www\legislativa-pdf\246_2006_nariadenie_vlady_o_biopalivach.pdf --> ftp.udvb.sk /public_html/legislativa-pdf 246_2006_nariadenie_vlady_o_biopalivach.pdf
2011.06.23 15:08 B E:\filip\filip-project-vs21\www\legislativa-pdf\AKCNY_PLAN_VYUZIVANIA_BIOMASY.pdf --> ftp.udvb.sk /public_html/legislativa-pdf AKCNY_PLAN_VYUZIVANIA_BIOMASY.pdf
2011.06.23 15:08 B E:\filip\filip-project-vs21\www\legislativa-pdf\Biopaliva_2008.pdf --> ftp.udvb.sk /public_html/legislativa-pdf Biopaliva_2008.pdf
2011.06.23 15:08 B E:\filip\filip-project-vs21\www\legislativa-pdf\NAP_OZE.pdf --> ftp.udvb.sk /public_html/legislativa-pdf NAP_OZE.pdf
2011.06.23 15:08 B E:\filip\filip-project-vs21\www\legislativa-pdf\Narodny_program_rozvoja_biopaliv.pdf --> ftp.udvb.sk /public_html/legislativa-pdf Narodny_program_rozvoja_biopaliv.pdf
2011.06.23 15:09 B E:\filip\filip-project-vs21\www\legislativa-pdf\Smernica_EU_o_OZE_2009.pdf --> ftp.udvb.sk /public_html/legislativa-pdf Smernica_EU_o_OZE_2009.pdf
2011.06.23 15:09 B E:\filip\filip-project-vs21\www\legislativa-pdf\Strategia_OZE_MH.pdf --> ftp.udvb.sk /public_html/legislativa-pdf Strategia_OZE_MH.pdf
2011.06.23 15:09 B E:\filip\filip-project-vs21\www\legislativa-pdf\WS_FTP.LOG --> ftp.udvb.sk /public_html/legislativa-pdf WS_FTP.LOG
2011.06.23 15:09 B E:\filip\filip-project-vs21\www\legislativa-pdf\Zbierka_zakonov c._558_2010.pdf --> ftp.udvb.sk /public_html/legislativa-pdf Zbierka_zakonov c._558_2010.pdf
2011.06.23 15:09 B E:\filip\filip-project-vs21\www\legislativa-pdf\Zbierka_zakonov_c.309_2009.pdf --> ftp.udvb.sk /public_html/legislativa-pdf Zbierka_zakonov_c.309_2009.pdf
2011.06.23 15:09 B E:\filip\filip-project-vs21\www\legislativa-pdf\Zbierka_zakonov_c._136_2011.pdf --> ftp.udvb.sk /public_html/legislativa-pdf Zbierka_zakonov_c._136_2011.pdf
2011.06.23 15:14 B E:\filip\filip-project-vs21\www\legislativa-pdf\246_2006_nariadenie_vlady_o_biopalivach.pdf --> ftp.atlasoze.sk /public_html/legislativa-pdf 246_2006_nariadenie_vlady_o_biopalivach.pdf
2011.06.23 15:15 B E:\filip\filip-project-vs21\www\legislativa-pdf\AKCNY_PLAN_VYUZIVANIA_BIOMASY.pdf --> ftp.atlasoze.sk /public_html/legislativa-pdf AKCNY_PLAN_VYUZIVANIA_BIOMASY.pdf
2011.06.23 15:15 B E:\filip\filip-project-vs21\www\legislativa-pdf\Biopaliva_2008.pdf --> ftp.atlasoze.sk /public_html/legislativa-pdf Biopaliva_2008.pdf
2011.06.23 15:15 B E:\filip\filip-project-vs21\www\legislativa-pdf\NAP_OZE.pdf --> ftp.atlasoze.sk /public_html/legislativa-pdf NAP_OZE.pdf
2011.06.23 15:15 B E:\filip\filip-project-vs21\www\legislativa-pdf\Narodny_program_rozvoja_biopaliv.pdf --> ftp.atlasoze.sk /public_html/legislativa-pdf Narodny_program_rozvoja_biopaliv.pdf
2011.06.23 15:15 B E:\filip\filip-project-vs21\www\legislativa-pdf\Smernica_EU_o_OZE_2009.pdf --> ftp.atlasoze.sk /public_html/legislativa-pdf Smernica_EU_o_OZE_2009.pdf
2011.06.23 15:15 B E:\filip\filip-project-vs21\www\legislativa-pdf\Strategia_OZE_MH.pdf --> ftp.atlasoze.sk /public_html/legislativa-pdf Strategia_OZE_MH.pdf
