2011.06.05 12:09 B E:\filip\filip-project-vs19\www\js\biomasa-ajax.js --> epomschar.aspone.cz /www/js biomasa-ajax.js
2011.06.05 12:09 B E:\filip\filip-project-vs19\www\js\biomasa-tooltip.js --> epomschar.aspone.cz /www/js biomasa-tooltip.js
2011.06.05 12:09 B E:\filip\filip-project-vs19\www\js\biopaliva-ajax.js --> epomschar.aspone.cz /www/js biopaliva-ajax.js
2011.06.05 12:09 B E:\filip\filip-project-vs19\www\js\biopaliva-tooltip.js --> epomschar.aspone.cz /www/js biopaliva-tooltip.js
2011.06.05 12:09 B E:\filip\filip-project-vs19\www\js\bioplyn-ajax.js --> epomschar.aspone.cz /www/js bioplyn-ajax.js
2011.06.05 12:09 B E:\filip\filip-project-vs19\www\js\bioplyn-tooltip.js --> epomschar.aspone.cz /www/js bioplyn-tooltip.js
2011.06.05 12:10 B E:\filip\filip-project-vs19\www\js\geoterm-ajax.js --> epomschar.aspone.cz /www/js geoterm-ajax.js
2011.06.05 12:10 B E:\filip\filip-project-vs19\www\js\geoterm-tooltip.js --> epomschar.aspone.cz /www/js geoterm-tooltip.js
2011.06.05 12:10 B E:\filip\filip-project-vs19\www\js\jQueryLibrary.js --> epomschar.aspone.cz /www/js jQueryLibrary.js
2011.06.05 12:10 B E:\filip\filip-project-vs19\www\js\main.js --> epomschar.aspone.cz /www/js main.js
2011.06.05 12:10 B E:\filip\filip-project-vs19\www\js\scroll.js --> epomschar.aspone.cz /www/js scroll.js
2011.06.05 12:10 B E:\filip\filip-project-vs19\www\js\slnko-ajax.js --> epomschar.aspone.cz /www/js slnko-ajax.js
2011.06.05 12:10 B E:\filip\filip-project-vs19\www\js\slnko-tooltip.js --> epomschar.aspone.cz /www/js slnko-tooltip.js
2011.06.05 12:10 B E:\filip\filip-project-vs19\www\js\tabs.js --> epomschar.aspone.cz /www/js tabs.js
2011.06.05 12:10 B E:\filip\filip-project-vs19\www\js\tooltip.js --> epomschar.aspone.cz /www/js tooltip.js
2011.06.05 12:10 B E:\filip\filip-project-vs19\www\js\vietor-ajax.js --> epomschar.aspone.cz /www/js vietor-ajax.js
2011.06.05 12:10 B E:\filip\filip-project-vs19\www\js\vietor-tooltip.js --> epomschar.aspone.cz /www/js vietor-tooltip.js
2011.06.05 12:10 B E:\filip\filip-project-vs19\www\js\voda-ajax.js --> epomschar.aspone.cz /www/js voda-ajax.js
2011.06.05 12:10 B E:\filip\filip-project-vs19\www\js\voda-tooltip.js --> epomschar.aspone.cz /www/js voda-tooltip.js
2011.06.05 20:23 B E:\filip\filip-project-vs20\www\js\WS_FTP.LOG --> epomschar.aspone.cz /www/js WS_FTP.LOG
2011.06.07 15:00 B E:\filip\filip-project-vs20\www\js\WS_FTP.LOG --> epomschar.aspone.cz /www/js WS_FTP.LOG
2011.06.07 15:43 B E:\filip\filip-project-vs20\www\js\WS_FTP.LOG --> epomschar.aspone.cz /www/js WS_FTP.LOG
2011.06.23 15:08 B E:\filip\filip-project-vs21\www\js\biomasa-ajax.js --> ftp.udvb.sk /public_html/js biomasa-ajax.js
2011.06.23 15:08 B E:\filip\filip-project-vs21\www\js\biomasa-tooltip.js --> ftp.udvb.sk /public_html/js biomasa-tooltip.js
2011.06.23 15:08 B E:\filip\filip-project-vs21\www\js\biopaliva-ajax.js --> ftp.udvb.sk /public_html/js biopaliva-ajax.js
2011.06.23 15:08 B E:\filip\filip-project-vs21\www\js\biopaliva-tooltip.js --> ftp.udvb.sk /public_html/js biopaliva-tooltip.js
2011.06.23 15:08 B E:\filip\filip-project-vs21\www\js\bioplyn-ajax.js --> ftp.udvb.sk /public_html/js bioplyn-ajax.js
2011.06.23 15:08 B E:\filip\filip-project-vs21\www\js\bioplyn-tooltip.js --> ftp.udvb.sk /public_html/js bioplyn-tooltip.js
2011.06.23 15:08 B E:\filip\filip-project-vs21\www\js\geoterm-ajax.js --> ftp.udvb.sk /public_html/js geoterm-ajax.js
2011.06.23 15:08 B E:\filip\filip-project-vs21\www\js\geoterm-tooltip.js --> ftp.udvb.sk /public_html/js geoterm-tooltip.js
2011.06.23 15:08 B E:\filip\filip-project-vs21\www\js\jQueryLibrary.js --> ftp.udvb.sk /public_html/js jQueryLibrary.js
2011.06.23 15:08 B E:\filip\filip-project-vs21\www\js\main.js --> ftp.udvb.sk /public_html/js main.js
2011.06.23 15:08 B E:\filip\filip-project-vs21\www\js\scroll.js --> ftp.udvb.sk /public_html/js scroll.js
2011.06.23 15:08 B E:\filip\filip-project-vs21\www\js\slnko-ajax.js --> ftp.udvb.sk /public_html/js slnko-ajax.js
2011.06.23 15:08 B E:\filip\filip-project-vs21\www\js\slnko-tooltip.js --> ftp.udvb.sk /public_html/js slnko-tooltip.js
2011.06.23 15:08 B E:\filip\filip-project-vs21\www\js\tabs.js --> ftp.udvb.sk /public_html/js tabs.js
2011.06.23 15:08 B E:\filip\filip-project-vs21\www\js\tooltip.js --> ftp.udvb.sk /public_html/js tooltip.js
2011.06.23 15:08 B E:\filip\filip-project-vs21\www\js\vietor-ajax.js --> ftp.udvb.sk /public_html/js vietor-ajax.js
2011.06.23 15:08 B E:\filip\filip-project-vs21\www\js\vietor-tooltip.js --> ftp.udvb.sk /public_html/js vietor-tooltip.js
2011.06.23 15:08 B E:\filip\filip-project-vs21\www\js\voda-ajax.js --> ftp.udvb.sk /public_html/js voda-ajax.js
2011.06.23 15:08 B E:\filip\filip-project-vs21\www\js\voda-tooltip.js --> ftp.udvb.sk /public_html/js voda-tooltip.js
2011.06.23 15:08 B E:\filip\filip-project-vs21\www\js\WS_FTP.LOG --> ftp.udvb.sk /public_html/js WS_FTP.LOG
2011.06.23 15:14 B E:\filip\filip-project-vs21\www\js\biomasa-ajax.js --> ftp.atlasoze.sk /public_html/js biomasa-ajax.js
2011.06.23 15:14 B E:\filip\filip-project-vs21\www\js\biomasa-tooltip.js --> ftp.atlasoze.sk /public_html/js biomasa-tooltip.js
2011.06.23 15:14 B E:\filip\filip-project-vs21\www\js\biopaliva-ajax.js --> ftp.atlasoze.sk /public_html/js biopaliva-ajax.js
2011.06.23 15:14 B E:\filip\filip-project-vs21\www\js\biopaliva-tooltip.js --> ftp.atlasoze.sk /public_html/js biopaliva-tooltip.js
2011.06.23 15:14 B E:\filip\filip-project-vs21\www\js\bioplyn-ajax.js --> ftp.atlasoze.sk /public_html/js bioplyn-ajax.js
2011.06.23 15:14 B E:\filip\filip-project-vs21\www\js\bioplyn-tooltip.js --> ftp.atlasoze.sk /public_html/js bioplyn-tooltip.js
2011.06.23 15:14 B E:\filip\filip-project-vs21\www\js\geoterm-ajax.js --> ftp.atlasoze.sk /public_html/js geoterm-ajax.js
2011.06.23 15:14 B E:\filip\filip-project-vs21\www\js\geoterm-tooltip.js --> ftp.atlasoze.sk /public_html/js geoterm-tooltip.js
2011.06.23 15:14 B E:\filip\filip-project-vs21\www\js\jQueryLibrary.js --> ftp.atlasoze.sk /public_html/js jQueryLibrary.js
2011.06.23 15:14 B E:\filip\filip-project-vs21\www\js\main.js --> ftp.atlasoze.sk /public_html/js main.js
2011.06.23 15:14 B E:\filip\filip-project-vs21\www\js\scroll.js --> ftp.atlasoze.sk /public_html/js scroll.js
2011.06.23 15:14 B E:\filip\filip-project-vs21\www\js\slnko-ajax.js --> ftp.atlasoze.sk /public_html/js slnko-ajax.js
2011.06.23 15:14 B E:\filip\filip-project-vs21\www\js\slnko-tooltip.js --> ftp.atlasoze.sk /public_html/js slnko-tooltip.js
2011.06.23 15:14 B E:\filip\filip-project-vs21\www\js\tabs.js --> ftp.atlasoze.sk /public_html/js tabs.js
2011.06.23 15:14 B E:\filip\filip-project-vs21\www\js\tooltip.js --> ftp.atlasoze.sk /public_html/js tooltip.js
2011.06.23 15:14 B E:\filip\filip-project-vs21\www\js\vietor-ajax.js --> ftp.atlasoze.sk /public_html/js vietor-ajax.js
2011.06.23 15:14 B E:\filip\filip-project-vs21\www\js\vietor-tooltip.js --> ftp.atlasoze.sk /public_html/js vietor-tooltip.js
2011.06.23 15:14 B E:\filip\filip-project-vs21\www\js\voda-ajax.js --> ftp.atlasoze.sk /public_html/js voda-ajax.js
2011.06.23 15:14 B E:\filip\filip-project-vs21\www\js\voda-tooltip.js --> ftp.atlasoze.sk /public_html/js voda-tooltip.js
