2011.05.18 07:22 B E:\filip\filip-project-vs11\www\images\bazeny.jpg --> epomschar.aspone.cz /www/images bazeny.jpg
2011.05.18 07:22 B E:\filip\filip-project-vs11\www\images\biomasa-energia.jpg --> epomschar.aspone.cz /www/images biomasa-energia.jpg
2011.05.18 07:22 B E:\filip\filip-project-vs11\www\images\biomasa-graf.gif --> epomschar.aspone.cz /www/images biomasa-graf.gif
2011.05.18 07:22 B E:\filip\filip-project-vs11\www\images\biomasa-rust.jpg --> epomschar.aspone.cz /www/images biomasa-rust.jpg
2011.05.18 07:22 B E:\filip\filip-project-vs11\www\images\biomasa-vyroba.jpg --> epomschar.aspone.cz /www/images biomasa-vyroba.jpg
2011.05.18 07:22 B E:\filip\filip-project-vs11\www\images\biomasa.jpg --> epomschar.aspone.cz /www/images biomasa.jpg
2011.05.18 07:22 B E:\filip\filip-project-vs11\www\images\bioplyn-graf.gif --> epomschar.aspone.cz /www/images bioplyn-graf.gif
2011.05.18 07:22 B E:\filip\filip-project-vs11\www\images\content-bg-slice.png --> epomschar.aspone.cz /www/images content-bg-slice.png
2011.05.18 07:22 B E:\filip\filip-project-vs11\www\images\fotovoltaicke-clanky.jpg --> epomschar.aspone.cz /www/images fotovoltaicke-clanky.jpg
2011.05.18 07:22 B E:\filip\filip-project-vs11\www\images\geoterm-energia.jpg --> epomschar.aspone.cz /www/images geoterm-energia.jpg
2011.05.18 07:22 B E:\filip\filip-project-vs11\www\images\mapa-biomasa.jpg --> epomschar.aspone.cz /www/images mapa-biomasa.jpg
2011.05.18 07:22 B E:\filip\filip-project-vs11\www\images\mapa-biomasa.png --> epomschar.aspone.cz /www/images mapa-biomasa.png
2011.05.18 07:22 B E:\filip\filip-project-vs11\www\images\mapa-vietor.jpg --> epomschar.aspone.cz /www/images mapa-vietor.jpg
2011.05.18 07:22 B E:\filip\filip-project-vs11\www\images\odpadna-biomasa.jpg --> epomschar.aspone.cz /www/images odpadna-biomasa.jpg
2011.05.18 07:22 B E:\filip\filip-project-vs11\www\images\odpady-z-drevopriemyslu.jpg --> epomschar.aspone.cz /www/images odpady-z-drevopriemyslu.jpg
2011.05.18 07:22 B E:\filip\filip-project-vs11\www\images\slnecna-energia.jpg --> epomschar.aspone.cz /www/images slnecna-energia.jpg
2011.05.18 07:22 B E:\filip\filip-project-vs11\www\images\slnko.jpg --> epomschar.aspone.cz /www/images slnko.jpg
2011.05.18 07:22 B E:\filip\filip-project-vs11\www\images\spalovanie.jpg --> epomschar.aspone.cz /www/images spalovanie.jpg
2011.05.18 07:22 B E:\filip\filip-project-vs11\www\images\termalna-energia.jpg --> epomschar.aspone.cz /www/images termalna-energia.jpg
2011.05.18 07:22 B E:\filip\filip-project-vs11\www\images\Thumbs.db --> epomschar.aspone.cz /www/images Thumbs.db
2011.05.18 07:22 B E:\filip\filip-project-vs11\www\images\vieterna-energia.jpg --> epomschar.aspone.cz /www/images vieterna-energia.jpg
2011.05.18 07:22 B E:\filip\filip-project-vs11\www\images\vodna-energia.jpg --> epomschar.aspone.cz /www/images vodna-energia.jpg
2011.05.18 07:22 B E:\filip\filip-project-vs11\www\images\vodni-elektrarny.jpg --> epomschar.aspone.cz /www/images vodni-elektrarny.jpg
2011.05.18 07:22 B E:\filip\filip-project-vs11\www\images\vodni-turbiny.jpg --> epomschar.aspone.cz /www/images vodni-turbiny.jpg
2011.05.18 07:22 B E:\filip\filip-project-vs11\www\images\vznik-bioplynu.jpg --> epomschar.aspone.cz /www/images vznik-bioplynu.jpg
2011.05.18 07:22 B E:\filip\filip-project-vs11\www\images\zimna-zahrada.jpg --> epomschar.aspone.cz /www/images zimna-zahrada.jpg
2011.06.05 12:09 B E:\filip\filip-project-vs19\www\images\bazeny01.jpg --> epomschar.aspone.cz /www/images bazeny01.jpg
2011.06.05 12:09 B E:\filip\filip-project-vs19\www\images\bazeny02.jpg --> epomschar.aspone.cz /www/images bazeny02.jpg
2011.06.05 12:09 B E:\filip\filip-project-vs19\www\images\bazeny03.jpg --> epomschar.aspone.cz /www/images bazeny03.jpg
2011.06.05 12:09 B E:\filip\filip-project-vs19\www\images\biomasa-energia.jpg --> epomschar.aspone.cz /www/images biomasa-energia.jpg
2011.06.05 12:09 B E:\filip\filip-project-vs19\www\images\biomasa-graf.gif --> epomschar.aspone.cz /www/images biomasa-graf.gif
2011.06.05 12:09 B E:\filip\filip-project-vs19\www\images\biomasa-over.png --> epomschar.aspone.cz /www/images biomasa-over.png
2011.06.05 12:09 B E:\filip\filip-project-vs19\www\images\biomasa-rust01.jpg --> epomschar.aspone.cz /www/images biomasa-rust01.jpg
2011.06.05 12:09 B E:\filip\filip-project-vs19\www\images\biomasa-rust02.jpg --> epomschar.aspone.cz /www/images biomasa-rust02.jpg
2011.06.05 12:09 B E:\filip\filip-project-vs19\www\images\biomasa-rust03.jpg --> epomschar.aspone.cz /www/images biomasa-rust03.jpg
2011.06.05 12:09 B E:\filip\filip-project-vs19\www\images\biomasa-vyroba01.jpg --> epomschar.aspone.cz /www/images biomasa-vyroba01.jpg
2011.06.05 12:09 B E:\filip\filip-project-vs19\www\images\biomasa-vyroba02.jpg --> epomschar.aspone.cz /www/images biomasa-vyroba02.jpg
2011.06.05 12:09 B E:\filip\filip-project-vs19\www\images\biomasa-vyroba03.jpg --> epomschar.aspone.cz /www/images biomasa-vyroba03.jpg
2011.06.05 12:09 B E:\filip\filip-project-vs19\www\images\biomasa.png --> epomschar.aspone.cz /www/images biomasa.png
2011.06.05 12:09 B E:\filip\filip-project-vs19\www\images\biomasa01.jpg --> epomschar.aspone.cz /www/images biomasa01.jpg
2011.06.05 12:09 B E:\filip\filip-project-vs19\www\images\biomasa02.jpg --> epomschar.aspone.cz /www/images biomasa02.jpg
2011.06.05 12:09 B E:\filip\filip-project-vs19\www\images\biomasa03.jpg --> epomschar.aspone.cz /www/images biomasa03.jpg
2011.06.05 12:09 B E:\filip\filip-project-vs19\www\images\biomasa04.jpg --> epomschar.aspone.cz /www/images biomasa04.jpg
2011.06.05 12:09 B E:\filip\filip-project-vs19\www\images\biopaliva-over.png --> epomschar.aspone.cz /www/images biopaliva-over.png
2011.06.05 12:09 B E:\filip\filip-project-vs19\www\images\biopaliva.png --> epomschar.aspone.cz /www/images biopaliva.png
2011.06.05 12:09 B E:\filip\filip-project-vs19\www\images\bioplyn-graf.gif --> epomschar.aspone.cz /www/images bioplyn-graf.gif
2011.06.05 12:09 B E:\filip\filip-project-vs19\www\images\bioplyn-over.png --> epomschar.aspone.cz /www/images bioplyn-over.png
2011.06.05 12:09 B E:\filip\filip-project-vs19\www\images\bioplyn.png --> epomschar.aspone.cz /www/images bioplyn.png
2011.06.05 12:09 B E:\filip\filip-project-vs19\www\images\content-bg-slice.png --> epomschar.aspone.cz /www/images content-bg-slice.png
2011.06.05 12:09 B E:\filip\filip-project-vs19\www\images\content-bg.jpg --> epomschar.aspone.cz /www/images content-bg.jpg
2011.06.05 12:09 B E:\filip\filip-project-vs19\www\images\devider-footer.png --> epomschar.aspone.cz /www/images devider-footer.png
2011.06.05 12:09 B E:\filip\filip-project-vs19\www\images\devider.png --> epomschar.aspone.cz /www/images devider.png
2011.06.05 12:09 B E:\filip\filip-project-vs19\www\images\dot.png --> epomschar.aspone.cz /www/images dot.png
2011.06.05 12:09 B E:\filip\filip-project-vs19\www\images\footer-bg.png --> epomschar.aspone.cz /www/images footer-bg.png
2011.06.05 12:09 B E:\filip\filip-project-vs19\www\images\fotovoltaicke-clanky01.jpg --> epomschar.aspone.cz /www/images fotovoltaicke-clanky01.jpg
2011.06.05 12:09 B E:\filip\filip-project-vs19\www\images\fotovoltaicke-clanky02.jpg --> epomschar.aspone.cz /www/images fotovoltaicke-clanky02.jpg
2011.06.05 12:09 B E:\filip\filip-project-vs19\www\images\fotovoltaicke-clanky03.jpg --> epomschar.aspone.cz /www/images fotovoltaicke-clanky03.jpg
2011.06.05 12:09 B E:\filip\filip-project-vs19\www\images\geoterm-energia01.jpg --> epomschar.aspone.cz /www/images geoterm-energia01.jpg
2011.06.05 12:09 B E:\filip\filip-project-vs19\www\images\geoterm-energia02.jpg --> epomschar.aspone.cz /www/images geoterm-energia02.jpg
2011.06.05 12:09 B E:\filip\filip-project-vs19\www\images\geoterm-energia03.jpg --> epomschar.aspone.cz /www/images geoterm-energia03.jpg
2011.06.05 12:09 B E:\filip\filip-project-vs19\www\images\geoterm-over.png --> epomschar.aspone.cz /www/images geoterm-over.png
2011.06.05 12:09 B E:\filip\filip-project-vs19\www\images\geoterm.png --> epomschar.aspone.cz /www/images geoterm.png
2011.06.05 12:09 B E:\filip\filip-project-vs19\www\images\header-text.jpg --> epomschar.aspone.cz /www/images header-text.jpg
2011.06.05 12:09 B E:\filip\filip-project-vs19\www\images\header-text.png --> epomschar.aspone.cz /www/images header-text.png
2011.06.05 12:09 B E:\filip\filip-project-vs19\www\images\input-bg.gif --> epomschar.aspone.cz /www/images input-bg.gif
2011.06.05 12:09 B E:\filip\filip-project-vs19\www\images\legaslitava-over.png --> epomschar.aspone.cz /www/images legaslitava-over.png
2011.06.05 12:09 B E:\filip\filip-project-vs19\www\images\legaslitava.png --> epomschar.aspone.cz /www/images legaslitava.png
2011.06.05 12:09 B E:\filip\filip-project-vs19\www\images\logo-creating.png --> epomschar.aspone.cz /www/images logo-creating.png
2011.06.05 12:09 B E:\filip\filip-project-vs19\www\images\logo-inren.png --> epomschar.aspone.cz /www/images logo-inren.png
2011.06.05 12:09 B E:\filip\filip-project-vs19\www\images\logo-main.png --> epomschar.aspone.cz /www/images logo-main.png
2011.06.05 12:09 B E:\filip\filip-project-vs19\www\images\lqem --> epomschar.aspone.cz /www/images lqem
2011.06.05 12:09 B E:\filip\filip-project-vs19\www\images\main-bg-col.jpg --> epomschar.aspone.cz /www/images main-bg-col.jpg
2011.06.05 12:09 B E:\filip\filip-project-vs19\www\images\main-bg.jpg --> epomschar.aspone.cz /www/images main-bg.jpg
2011.06.05 12:09 B E:\filip\filip-project-vs19\www\images\mainmenu-bg-last.png --> epomschar.aspone.cz /www/images mainmenu-bg-last.png
2011.06.05 12:09 B E:\filip\filip-project-vs19\www\images\mainmenu-bg.png --> epomschar.aspone.cz /www/images mainmenu-bg.png
2011.06.05 12:09 B E:\filip\filip-project-vs19\www\images\moznostiprezentacie-over.png --> epomschar.aspone.cz /www/images moznostiprezentacie-over.png
2011.06.05 12:09 B E:\filip\filip-project-vs19\www\images\moznostiprezentacie.png --> epomschar.aspone.cz /www/images moznostiprezentacie.png
2011.06.05 12:09 B E:\filip\filip-project-vs19\www\images\odpadna-biomasa01.jpg --> epomschar.aspone.cz /www/images odpadna-biomasa01.jpg
2011.06.05 12:09 B E:\filip\filip-project-vs19\www\images\odpadna-biomasa02.jpg --> epomschar.aspone.cz /www/images odpadna-biomasa02.jpg
2011.06.05 12:09 B E:\filip\filip-project-vs19\www\images\odpady-z-drevopriemyslu01.jpg --> epomschar.aspone.cz /www/images odpady-z-drevopriemyslu01.jpg
2011.06.05 12:09 B E:\filip\filip-project-vs19\www\images\odpady-z-drevopriemyslu02.jpg --> epomschar.aspone.cz /www/images odpady-z-drevopriemyslu02.jpg
2011.06.05 12:09 B E:\filip\filip-project-vs19\www\images\oprojekte-over.png --> epomschar.aspone.cz /www/images oprojekte-over.png
2011.06.05 12:09 B E:\filip\filip-project-vs19\www\images\oprojekte.png --> epomschar.aspone.cz /www/images oprojekte.png
2011.06.05 12:09 B E:\filip\filip-project-vs19\www\images\partner01.png --> epomschar.aspone.cz /www/images partner01.png
2011.06.05 12:09 B E:\filip\filip-project-vs19\www\images\partner02.png --> epomschar.aspone.cz /www/images partner02.png
2011.06.05 12:09 B E:\filip\filip-project-vs19\www\images\pdficon_small.gif --> epomschar.aspone.cz /www/images pdficon_small.gif
2011.06.05 12:09 B E:\filip\filip-project-vs19\www\images\podporaOZE-over.png --> epomschar.aspone.cz /www/images podporaOZE-over.png
2011.06.05 12:09 B E:\filip\filip-project-vs19\www\images\podporaOZE.png --> epomschar.aspone.cz /www/images podporaOZE.png
2011.06.05 12:09 B E:\filip\filip-project-vs19\www\images\search-bg.png --> epomschar.aspone.cz /www/images search-bg.png
2011.06.05 12:09 B E:\filip\filip-project-vs19\www\images\side-menu-bg.png --> epomschar.aspone.cz /www/images side-menu-bg.png
2011.06.05 12:09 B E:\filip\filip-project-vs19\www\images\slnecna-energia.jpg --> epomschar.aspone.cz /www/images slnecna-energia.jpg
2011.06.05 12:09 B E:\filip\filip-project-vs19\www\images\slnko-over.png --> epomschar.aspone.cz /www/images slnko-over.png
2011.06.05 12:09 B E:\filip\filip-project-vs19\www\images\slnko.jpg --> epomschar.aspone.cz /www/images slnko.jpg
2011.06.05 12:09 B E:\filip\filip-project-vs19\www\images\slnko.png --> epomschar.aspone.cz /www/images slnko.png
2011.06.05 12:09 B E:\filip\filip-project-vs19\www\images\slnko01.jpg --> epomschar.aspone.cz /www/images slnko01.jpg
2011.06.05 12:09 B E:\filip\filip-project-vs19\www\images\slnko02.jpg --> epomschar.aspone.cz /www/images slnko02.jpg
2011.06.05 12:09 B E:\filip\filip-project-vs19\www\images\slnko03.jpg --> epomschar.aspone.cz /www/images slnko03.jpg
2011.06.05 12:09 B E:\filip\filip-project-vs19\www\images\spalovanie.jpg --> epomschar.aspone.cz /www/images spalovanie.jpg
2011.06.05 12:09 B E:\filip\filip-project-vs19\www\images\spat.gif --> epomschar.aspone.cz /www/images spat.gif
2011.06.05 12:09 B E:\filip\filip-project-vs19\www\images\termalna-energia.jpg --> epomschar.aspone.cz /www/images termalna-energia.jpg
2011.06.05 12:09 B E:\filip\filip-project-vs19\www\images\text-bg.png --> epomschar.aspone.cz /www/images text-bg.png
2011.06.05 12:09 B E:\filip\filip-project-vs19\www\images\Thumbs.db --> epomschar.aspone.cz /www/images Thumbs.db
2011.06.05 12:09 B E:\filip\filip-project-vs19\www\images\tooltip-bg-bottom.png --> epomschar.aspone.cz /www/images tooltip-bg-bottom.png
2011.06.05 12:09 B E:\filip\filip-project-vs19\www\images\tooltip-bg-left.png --> epomschar.aspone.cz /www/images tooltip-bg-left.png
2011.06.05 12:09 B E:\filip\filip-project-vs19\www\images\tooltip-bg-right.png --> epomschar.aspone.cz /www/images tooltip-bg-right.png
2011.06.05 12:09 B E:\filip\filip-project-vs19\www\images\tooltip-bg-top.png --> epomschar.aspone.cz /www/images tooltip-bg-top.png
2011.06.05 12:09 B E:\filip\filip-project-vs19\www\images\tooltip-bg.png --> epomschar.aspone.cz /www/images tooltip-bg.png
2011.06.05 12:09 B E:\filip\filip-project-vs19\www\images\tooltip-image.jpg --> epomschar.aspone.cz /www/images tooltip-image.jpg
2011.06.05 12:09 B E:\filip\filip-project-vs19\www\images\topmenu-bg.png --> epomschar.aspone.cz /www/images topmenu-bg.png
2011.06.05 12:09 B E:\filip\filip-project-vs19\www\images\veterna_energia_mapka.jpg --> epomschar.aspone.cz /www/images veterna_energia_mapka.jpg
2011.06.05 12:09 B E:\filip\filip-project-vs19\www\images\veterne-elektrarny01.jpg --> epomschar.aspone.cz /www/images veterne-elektrarny01.jpg
2011.06.05 12:09 B E:\filip\filip-project-vs19\www\images\veterne-elektrarny02.jpg --> epomschar.aspone.cz /www/images veterne-elektrarny02.jpg
2011.06.05 12:09 B E:\filip\filip-project-vs19\www\images\veterne-elektrarny03.jpg --> epomschar.aspone.cz /www/images veterne-elektrarny03.jpg
2011.06.05 12:09 B E:\filip\filip-project-vs19\www\images\vieterna-energia.jpg --> epomschar.aspone.cz /www/images vieterna-energia.jpg
2011.06.05 12:09 B E:\filip\filip-project-vs19\www\images\vietor-over.png --> epomschar.aspone.cz /www/images vietor-over.png
2011.06.05 12:09 B E:\filip\filip-project-vs19\www\images\vietor.png --> epomschar.aspone.cz /www/images vietor.png
2011.06.05 12:09 B E:\filip\filip-project-vs19\www\images\voda-over.png --> epomschar.aspone.cz /www/images voda-over.png
2011.06.05 12:09 B E:\filip\filip-project-vs19\www\images\voda.png --> epomschar.aspone.cz /www/images voda.png
2011.06.05 12:09 B E:\filip\filip-project-vs19\www\images\vodna-energia.jpg --> epomschar.aspone.cz /www/images vodna-energia.jpg
2011.06.05 12:09 B E:\filip\filip-project-vs19\www\images\vodni-elektrarny01.jpg --> epomschar.aspone.cz /www/images vodni-elektrarny01.jpg
2011.06.05 12:09 B E:\filip\filip-project-vs19\www\images\vodni-elektrarny02.jpg --> epomschar.aspone.cz /www/images vodni-elektrarny02.jpg
2011.06.05 12:09 B E:\filip\filip-project-vs19\www\images\vodni-turbiny01.jpg --> epomschar.aspone.cz /www/images vodni-turbiny01.jpg
2011.06.05 12:09 B E:\filip\filip-project-vs19\www\images\vodni-turbiny02.jpg --> epomschar.aspone.cz /www/images vodni-turbiny02.jpg
2011.06.05 12:09 B E:\filip\filip-project-vs19\www\images\vyhledat.gif --> epomschar.aspone.cz /www/images vyhledat.gif
2011.06.05 12:09 B E:\filip\filip-project-vs19\www\images\vznik-bioplynu.jpg --> epomschar.aspone.cz /www/images vznik-bioplynu.jpg
2011.06.05 12:09 B E:\filip\filip-project-vs19\www\images\WS_FTP.LOG --> epomschar.aspone.cz /www/images WS_FTP.LOG
2011.06.05 12:09 B E:\filip\filip-project-vs19\www\images\zimna-zahrada01.jpg --> epomschar.aspone.cz /www/images zimna-zahrada01.jpg
2011.06.05 12:09 B E:\filip\filip-project-vs19\www\images\zimna-zahrada02.jpg --> epomschar.aspone.cz /www/images zimna-zahrada02.jpg
2011.06.05 12:09 B E:\filip\filip-project-vs19\www\images\zimna-zahrada03.jpg --> epomschar.aspone.cz /www/images zimna-zahrada03.jpg
2011.06.05 12:09 B E:\filip\filip-project-vs19\www\images\zoznamdodavatelov-over.png --> epomschar.aspone.cz /www/images zoznamdodavatelov-over.png
2011.06.05 12:09 B E:\filip\filip-project-vs19\www\images\zoznamdodavatelov.png --> epomschar.aspone.cz /www/images zoznamdodavatelov.png
2011.06.05 20:23 B E:\filip\filip-project-vs20\www\images\WS_FTP.LOG --> epomschar.aspone.cz /www/images WS_FTP.LOG
2011.06.07 15:00 B E:\filip\filip-project-vs20\www\images\bazeny01.jpg --> epomschar.aspone.cz /www/images bazeny01.jpg
2011.06.07 15:00 B E:\filip\filip-project-vs20\www\images\bazeny02.jpg --> epomschar.aspone.cz /www/images bazeny02.jpg
2011.06.07 15:00 B E:\filip\filip-project-vs20\www\images\bazeny03.jpg --> epomschar.aspone.cz /www/images bazeny03.jpg
2011.06.07 15:00 B E:\filip\filip-project-vs20\www\images\biomasa-energia.jpg --> epomschar.aspone.cz /www/images biomasa-energia.jpg
2011.06.07 15:00 B E:\filip\filip-project-vs20\www\images\biomasa-graf.gif --> epomschar.aspone.cz /www/images biomasa-graf.gif
2011.06.07 15:00 B E:\filip\filip-project-vs20\www\images\biomasa-over.png --> epomschar.aspone.cz /www/images biomasa-over.png
2011.06.07 15:00 B E:\filip\filip-project-vs20\www\images\biomasa-rust01.jpg --> epomschar.aspone.cz /www/images biomasa-rust01.jpg
2011.06.07 15:00 B E:\filip\filip-project-vs20\www\images\biomasa-rust02.jpg --> epomschar.aspone.cz /www/images biomasa-rust02.jpg
2011.06.07 15:00 B E:\filip\filip-project-vs20\www\images\biomasa-rust03.jpg --> epomschar.aspone.cz /www/images biomasa-rust03.jpg
2011.06.07 15:00 B E:\filip\filip-project-vs20\www\images\biomasa-vyroba01.jpg --> epomschar.aspone.cz /www/images biomasa-vyroba01.jpg
2011.06.07 15:00 B E:\filip\filip-project-vs20\www\images\biomasa-vyroba02.jpg --> epomschar.aspone.cz /www/images biomasa-vyroba02.jpg
2011.06.07 15:00 B E:\filip\filip-project-vs20\www\images\biomasa-vyroba03.jpg --> epomschar.aspone.cz /www/images biomasa-vyroba03.jpg
2011.06.07 15:00 B E:\filip\filip-project-vs20\www\images\biomasa.png --> epomschar.aspone.cz /www/images biomasa.png
2011.06.07 15:00 B E:\filip\filip-project-vs20\www\images\biomasa01.jpg --> epomschar.aspone.cz /www/images biomasa01.jpg
2011.06.07 15:00 B E:\filip\filip-project-vs20\www\images\biomasa02.jpg --> epomschar.aspone.cz /www/images biomasa02.jpg
2011.06.07 15:00 B E:\filip\filip-project-vs20\www\images\biomasa03.jpg --> epomschar.aspone.cz /www/images biomasa03.jpg
2011.06.07 15:00 B E:\filip\filip-project-vs20\www\images\biomasa04.jpg --> epomschar.aspone.cz /www/images biomasa04.jpg
2011.06.07 15:00 B E:\filip\filip-project-vs20\www\images\biopaliva-over.png --> epomschar.aspone.cz /www/images biopaliva-over.png
2011.06.07 15:00 B E:\filip\filip-project-vs20\www\images\biopaliva.png --> epomschar.aspone.cz /www/images biopaliva.png
2011.06.07 15:00 B E:\filip\filip-project-vs20\www\images\bioplyn-graf.gif --> epomschar.aspone.cz /www/images bioplyn-graf.gif
2011.06.07 15:00 B E:\filip\filip-project-vs20\www\images\bioplyn-over.png --> epomschar.aspone.cz /www/images bioplyn-over.png
2011.06.07 15:00 B E:\filip\filip-project-vs20\www\images\bioplyn.png --> epomschar.aspone.cz /www/images bioplyn.png
2011.06.07 15:00 B E:\filip\filip-project-vs20\www\images\content-bg-slice.png --> epomschar.aspone.cz /www/images content-bg-slice.png
2011.06.07 15:00 B E:\filip\filip-project-vs20\www\images\content-bg.jpg --> epomschar.aspone.cz /www/images content-bg.jpg
2011.06.07 15:00 B E:\filip\filip-project-vs20\www\images\devider-footer.png --> epomschar.aspone.cz /www/images devider-footer.png
2011.06.07 15:00 B E:\filip\filip-project-vs20\www\images\devider.png --> epomschar.aspone.cz /www/images devider.png
2011.06.07 15:00 B E:\filip\filip-project-vs20\www\images\dot.png --> epomschar.aspone.cz /www/images dot.png
2011.06.07 15:00 B E:\filip\filip-project-vs20\www\images\footer-bg.png --> epomschar.aspone.cz /www/images footer-bg.png
2011.06.07 15:00 B E:\filip\filip-project-vs20\www\images\fotovoltaicke-clanky01.jpg --> epomschar.aspone.cz /www/images fotovoltaicke-clanky01.jpg
2011.06.07 15:00 B E:\filip\filip-project-vs20\www\images\fotovoltaicke-clanky02.jpg --> epomschar.aspone.cz /www/images fotovoltaicke-clanky02.jpg
2011.06.07 15:00 B E:\filip\filip-project-vs20\www\images\fotovoltaicke-clanky03.jpg --> epomschar.aspone.cz /www/images fotovoltaicke-clanky03.jpg
2011.06.07 15:00 B E:\filip\filip-project-vs20\www\images\geoterm-energia01.jpg --> epomschar.aspone.cz /www/images geoterm-energia01.jpg
2011.06.07 15:00 B E:\filip\filip-project-vs20\www\images\geoterm-energia02.jpg --> epomschar.aspone.cz /www/images geoterm-energia02.jpg
2011.06.07 15:00 B E:\filip\filip-project-vs20\www\images\geoterm-energia03.jpg --> epomschar.aspone.cz /www/images geoterm-energia03.jpg
2011.06.07 15:00 B E:\filip\filip-project-vs20\www\images\geoterm-over.png --> epomschar.aspone.cz /www/images geoterm-over.png
2011.06.07 15:00 B E:\filip\filip-project-vs20\www\images\geoterm.png --> epomschar.aspone.cz /www/images geoterm.png
2011.06.07 15:00 B E:\filip\filip-project-vs20\www\images\header-text.jpg --> epomschar.aspone.cz /www/images header-text.jpg
2011.06.07 15:00 B E:\filip\filip-project-vs20\www\images\header-text.png --> epomschar.aspone.cz /www/images header-text.png
2011.06.07 15:00 B E:\filip\filip-project-vs20\www\images\image001.jpg --> epomschar.aspone.cz /www/images image001.jpg
2011.06.07 15:00 B E:\filip\filip-project-vs20\www\images\image002.jpg --> epomschar.aspone.cz /www/images image002.jpg
2011.06.07 15:00 B E:\filip\filip-project-vs20\www\images\input-bg.gif --> epomschar.aspone.cz /www/images input-bg.gif
2011.06.07 15:00 B E:\filip\filip-project-vs20\www\images\legaslitava-over.png --> epomschar.aspone.cz /www/images legaslitava-over.png
2011.06.07 15:00 B E:\filip\filip-project-vs20\www\images\legaslitava.png --> epomschar.aspone.cz /www/images legaslitava.png
2011.06.07 15:00 B E:\filip\filip-project-vs20\www\images\logo-creating.png --> epomschar.aspone.cz /www/images logo-creating.png
2011.06.07 15:00 B E:\filip\filip-project-vs20\www\images\logo-inren.png --> epomschar.aspone.cz /www/images logo-inren.png
2011.06.07 15:00 B E:\filip\filip-project-vs20\www\images\logo-main.png --> epomschar.aspone.cz /www/images logo-main.png
2011.06.07 15:00 B E:\filip\filip-project-vs20\www\images\lqem --> epomschar.aspone.cz /www/images lqem
2011.06.07 15:00 B E:\filip\filip-project-vs20\www\images\main-bg-col.jpg --> epomschar.aspone.cz /www/images main-bg-col.jpg
2011.06.07 15:00 B E:\filip\filip-project-vs20\www\images\main-bg.jpg --> epomschar.aspone.cz /www/images main-bg.jpg
2011.06.07 15:00 B E:\filip\filip-project-vs20\www\images\mainmenu-bg-last.png --> epomschar.aspone.cz /www/images mainmenu-bg-last.png
2011.06.07 15:00 B E:\filip\filip-project-vs20\www\images\mainmenu-bg.png --> epomschar.aspone.cz /www/images mainmenu-bg.png
2011.06.07 15:00 B E:\filip\filip-project-vs20\www\images\moznostiprezentacie-over.png --> epomschar.aspone.cz /www/images moznostiprezentacie-over.png
2011.06.07 15:00 B E:\filip\filip-project-vs20\www\images\moznostiprezentacie.png --> epomschar.aspone.cz /www/images moznostiprezentacie.png
2011.06.07 15:00 B E:\filip\filip-project-vs20\www\images\odpadna-biomasa01.jpg --> epomschar.aspone.cz /www/images odpadna-biomasa01.jpg
2011.06.07 15:00 B E:\filip\filip-project-vs20\www\images\odpadna-biomasa02.jpg --> epomschar.aspone.cz /www/images odpadna-biomasa02.jpg
2011.06.07 15:00 B E:\filip\filip-project-vs20\www\images\odpady-z-drevopriemyslu01.jpg --> epomschar.aspone.cz /www/images odpady-z-drevopriemyslu01.jpg
2011.06.07 15:00 B E:\filip\filip-project-vs20\www\images\odpady-z-drevopriemyslu02.jpg --> epomschar.aspone.cz /www/images odpady-z-drevopriemyslu02.jpg
2011.06.07 15:00 B E:\filip\filip-project-vs20\www\images\oprojekte-over.png --> epomschar.aspone.cz /www/images oprojekte-over.png
2011.06.07 15:00 B E:\filip\filip-project-vs20\www\images\oprojekte.png --> epomschar.aspone.cz /www/images oprojekte.png
2011.06.07 15:00 B E:\filip\filip-project-vs20\www\images\partner01.png --> epomschar.aspone.cz /www/images partner01.png
2011.06.07 15:00 B E:\filip\filip-project-vs20\www\images\partner02.png --> epomschar.aspone.cz /www/images partner02.png
2011.06.07 15:00 B E:\filip\filip-project-vs20\www\images\pdficon_small.gif --> epomschar.aspone.cz /www/images pdficon_small.gif
2011.06.07 15:00 B E:\filip\filip-project-vs20\www\images\podporaOZE-over.png --> epomschar.aspone.cz /www/images podporaOZE-over.png
2011.06.07 15:00 B E:\filip\filip-project-vs20\www\images\podporaOZE.png --> epomschar.aspone.cz /www/images podporaOZE.png
2011.06.07 15:00 B E:\filip\filip-project-vs20\www\images\search-bg.png --> epomschar.aspone.cz /www/images search-bg.png
2011.06.07 15:00 B E:\filip\filip-project-vs20\www\images\side-menu-bg.png --> epomschar.aspone.cz /www/images side-menu-bg.png
2011.06.07 15:00 B E:\filip\filip-project-vs20\www\images\slnecna-energia.jpg --> epomschar.aspone.cz /www/images slnecna-energia.jpg
2011.06.07 15:00 B E:\filip\filip-project-vs20\www\images\slnko-over.png --> epomschar.aspone.cz /www/images slnko-over.png
2011.06.07 15:00 B E:\filip\filip-project-vs20\www\images\slnko.jpg --> epomschar.aspone.cz /www/images slnko.jpg
2011.06.07 15:00 B E:\filip\filip-project-vs20\www\images\slnko.png --> epomschar.aspone.cz /www/images slnko.png
2011.06.07 15:00 B E:\filip\filip-project-vs20\www\images\slnko01.jpg --> epomschar.aspone.cz /www/images slnko01.jpg
2011.06.07 15:00 B E:\filip\filip-project-vs20\www\images\slnko02.jpg --> epomschar.aspone.cz /www/images slnko02.jpg
2011.06.07 15:00 B E:\filip\filip-project-vs20\www\images\slnko03.jpg --> epomschar.aspone.cz /www/images slnko03.jpg
2011.06.07 15:00 B E:\filip\filip-project-vs20\www\images\spalovanie.jpg --> epomschar.aspone.cz /www/images spalovanie.jpg
2011.06.07 15:00 B E:\filip\filip-project-vs20\www\images\spat.gif --> epomschar.aspone.cz /www/images spat.gif
2011.06.07 15:00 B E:\filip\filip-project-vs20\www\images\termalna-energia.jpg --> epomschar.aspone.cz /www/images termalna-energia.jpg
2011.06.07 15:00 B E:\filip\filip-project-vs20\www\images\text-bg.png --> epomschar.aspone.cz /www/images text-bg.png
2011.06.07 15:00 B E:\filip\filip-project-vs20\www\images\Thumbs.db --> epomschar.aspone.cz /www/images Thumbs.db
2011.06.07 15:00 B E:\filip\filip-project-vs20\www\images\tooltip-bg-bottom.png --> epomschar.aspone.cz /www/images tooltip-bg-bottom.png
2011.06.07 15:00 B E:\filip\filip-project-vs20\www\images\tooltip-bg-left.png --> epomschar.aspone.cz /www/images tooltip-bg-left.png
2011.06.07 15:00 B E:\filip\filip-project-vs20\www\images\tooltip-bg-right.png --> epomschar.aspone.cz /www/images tooltip-bg-right.png
2011.06.07 15:00 B E:\filip\filip-project-vs20\www\images\tooltip-bg-top.png --> epomschar.aspone.cz /www/images tooltip-bg-top.png
2011.06.07 15:00 B E:\filip\filip-project-vs20\www\images\tooltip-bg.png --> epomschar.aspone.cz /www/images tooltip-bg.png
2011.06.07 15:00 B E:\filip\filip-project-vs20\www\images\tooltip-image.jpg --> epomschar.aspone.cz /www/images tooltip-image.jpg
2011.06.07 15:00 B E:\filip\filip-project-vs20\www\images\topmenu-bg.png --> epomschar.aspone.cz /www/images topmenu-bg.png
2011.06.07 15:00 B E:\filip\filip-project-vs20\www\images\veterna_energia_mapka.jpg --> epomschar.aspone.cz /www/images veterna_energia_mapka.jpg
2011.06.07 15:00 B E:\filip\filip-project-vs20\www\images\veterne-elektrarny01.jpg --> epomschar.aspone.cz /www/images veterne-elektrarny01.jpg
2011.06.07 15:00 B E:\filip\filip-project-vs20\www\images\veterne-elektrarny02.jpg --> epomschar.aspone.cz /www/images veterne-elektrarny02.jpg
2011.06.07 15:00 B E:\filip\filip-project-vs20\www\images\veterne-elektrarny03.jpg --> epomschar.aspone.cz /www/images veterne-elektrarny03.jpg
2011.06.07 15:00 B E:\filip\filip-project-vs20\www\images\vieterna-energia.jpg --> epomschar.aspone.cz /www/images vieterna-energia.jpg
2011.06.07 15:00 B E:\filip\filip-project-vs20\www\images\vietor-over.png --> epomschar.aspone.cz /www/images vietor-over.png
2011.06.07 15:00 B E:\filip\filip-project-vs20\www\images\vietor.png --> epomschar.aspone.cz /www/images vietor.png
2011.06.07 15:00 B E:\filip\filip-project-vs20\www\images\voda-over.png --> epomschar.aspone.cz /www/images voda-over.png
2011.06.07 15:00 B E:\filip\filip-project-vs20\www\images\voda.png --> epomschar.aspone.cz /www/images voda.png
2011.06.07 15:00 B E:\filip\filip-project-vs20\www\images\vodna-energia.jpg --> epomschar.aspone.cz /www/images vodna-energia.jpg
2011.06.07 15:00 B E:\filip\filip-project-vs20\www\images\vodni-elektrarny01.jpg --> epomschar.aspone.cz /www/images vodni-elektrarny01.jpg
2011.06.07 15:00 B E:\filip\filip-project-vs20\www\images\vodni-elektrarny02.jpg --> epomschar.aspone.cz /www/images vodni-elektrarny02.jpg
2011.06.07 15:00 B E:\filip\filip-project-vs20\www\images\vodni-turbiny01.jpg --> epomschar.aspone.cz /www/images vodni-turbiny01.jpg
2011.06.07 15:00 B E:\filip\filip-project-vs20\www\images\vodni-turbiny02.jpg --> epomschar.aspone.cz /www/images vodni-turbiny02.jpg
2011.06.07 15:00 B E:\filip\filip-project-vs20\www\images\vyhledat.gif --> epomschar.aspone.cz /www/images vyhledat.gif
2011.06.07 15:00 B E:\filip\filip-project-vs20\www\images\vznik-bioplynu.jpg --> epomschar.aspone.cz /www/images vznik-bioplynu.jpg
2011.06.07 15:00 B E:\filip\filip-project-vs20\www\images\WS_FTP.LOG --> epomschar.aspone.cz /www/images WS_FTP.LOG
2011.06.07 15:00 B E:\filip\filip-project-vs20\www\images\zimna-zahrada01.jpg --> epomschar.aspone.cz /www/images zimna-zahrada01.jpg
2011.06.07 15:00 B E:\filip\filip-project-vs20\www\images\zimna-zahrada02.jpg --> epomschar.aspone.cz /www/images zimna-zahrada02.jpg
2011.06.07 15:00 B E:\filip\filip-project-vs20\www\images\zimna-zahrada03.jpg --> epomschar.aspone.cz /www/images zimna-zahrada03.jpg
2011.06.07 15:00 B E:\filip\filip-project-vs20\www\images\zoznamdodavatelov-over.png --> epomschar.aspone.cz /www/images zoznamdodavatelov-over.png
2011.06.07 15:00 B E:\filip\filip-project-vs20\www\images\zoznamdodavatelov.png --> epomschar.aspone.cz /www/images zoznamdodavatelov.png
2011.06.07 15:43 B E:\filip\filip-project-vs20\www\images\WS_FTP.LOG --> epomschar.aspone.cz /www/images WS_FTP.LOG
2011.06.23 15:08 B E:\filip\filip-project-vs21\www\images\bazeny01.jpg --> ftp.udvb.sk /public_html/images bazeny01.jpg
2011.06.23 15:08 B E:\filip\filip-project-vs21\www\images\bazeny02.jpg --> ftp.udvb.sk /public_html/images bazeny02.jpg
2011.06.23 15:08 B E:\filip\filip-project-vs21\www\images\bazeny03.jpg --> ftp.udvb.sk /public_html/images bazeny03.jpg
2011.06.23 15:08 B E:\filip\filip-project-vs21\www\images\biomasa-energia.jpg --> ftp.udvb.sk /public_html/images biomasa-energia.jpg
2011.06.23 15:08 B E:\filip\filip-project-vs21\www\images\biomasa-graf.gif --> ftp.udvb.sk /public_html/images biomasa-graf.gif
2011.06.23 15:08 B E:\filip\filip-project-vs21\www\images\biomasa-over.png --> ftp.udvb.sk /public_html/images biomasa-over.png
2011.06.23 15:08 B E:\filip\filip-project-vs21\www\images\biomasa-rust01.jpg --> ftp.udvb.sk /public_html/images biomasa-rust01.jpg
2011.06.23 15:08 B E:\filip\filip-project-vs21\www\images\biomasa-rust02.jpg --> ftp.udvb.sk /public_html/images biomasa-rust02.jpg
2011.06.23 15:08 B E:\filip\filip-project-vs21\www\images\biomasa-rust03.jpg --> ftp.udvb.sk /public_html/images biomasa-rust03.jpg
2011.06.23 15:08 B E:\filip\filip-project-vs21\www\images\biomasa-vyroba01.jpg --> ftp.udvb.sk /public_html/images biomasa-vyroba01.jpg
2011.06.23 15:08 B E:\filip\filip-project-vs21\www\images\biomasa-vyroba02.jpg --> ftp.udvb.sk /public_html/images biomasa-vyroba02.jpg
2011.06.23 15:08 B E:\filip\filip-project-vs21\www\images\biomasa-vyroba03.jpg --> ftp.udvb.sk /public_html/images biomasa-vyroba03.jpg
2011.06.23 15:08 B E:\filip\filip-project-vs21\www\images\biomasa.png --> ftp.udvb.sk /public_html/images biomasa.png
2011.06.23 15:08 B E:\filip\filip-project-vs21\www\images\biomasa01.jpg --> ftp.udvb.sk /public_html/images biomasa01.jpg
2011.06.23 15:08 B E:\filip\filip-project-vs21\www\images\biomasa02.jpg --> ftp.udvb.sk /public_html/images biomasa02.jpg
2011.06.23 15:08 B E:\filip\filip-project-vs21\www\images\biomasa03.jpg --> ftp.udvb.sk /public_html/images biomasa03.jpg
2011.06.23 15:08 B E:\filip\filip-project-vs21\www\images\biomasa04.jpg --> ftp.udvb.sk /public_html/images biomasa04.jpg
2011.06.23 15:08 B E:\filip\filip-project-vs21\www\images\biopaliva-over.png --> ftp.udvb.sk /public_html/images biopaliva-over.png
2011.06.23 15:08 B E:\filip\filip-project-vs21\www\images\biopaliva.png --> ftp.udvb.sk /public_html/images biopaliva.png
2011.06.23 15:08 B E:\filip\filip-project-vs21\www\images\bioplyn-graf.gif --> ftp.udvb.sk /public_html/images bioplyn-graf.gif
2011.06.23 15:08 B E:\filip\filip-project-vs21\www\images\bioplyn-over.png --> ftp.udvb.sk /public_html/images bioplyn-over.png
2011.06.23 15:08 B E:\filip\filip-project-vs21\www\images\bioplyn.png --> ftp.udvb.sk /public_html/images bioplyn.png
2011.06.23 15:08 B E:\filip\filip-project-vs21\www\images\content-bg-slice.png --> ftp.udvb.sk /public_html/images content-bg-slice.png
2011.06.23 15:08 B E:\filip\filip-project-vs21\www\images\content-bg.jpg --> ftp.udvb.sk /public_html/images content-bg.jpg
2011.06.23 15:08 B E:\filip\filip-project-vs21\www\images\devider-footer.png --> ftp.udvb.sk /public_html/images devider-footer.png
2011.06.23 15:08 B E:\filip\filip-project-vs21\www\images\devider.png --> ftp.udvb.sk /public_html/images devider.png
2011.06.23 15:08 B E:\filip\filip-project-vs21\www\images\dot.png --> ftp.udvb.sk /public_html/images dot.png
2011.06.23 15:08 B E:\filip\filip-project-vs21\www\images\ECB_logo.png --> ftp.udvb.sk /public_html/images ECB_logo.png
2011.06.23 15:08 B E:\filip\filip-project-vs21\www\images\EUflag_ERDF.png --> ftp.udvb.sk /public_html/images EUflag_ERDF.png
2011.06.23 15:08 B E:\filip\filip-project-vs21\www\images\footer-bg.png --> ftp.udvb.sk /public_html/images footer-bg.png
2011.06.23 15:08 B E:\filip\filip-project-vs21\www\images\fotovoltaicke-clanky01.jpg --> ftp.udvb.sk /public_html/images fotovoltaicke-clanky01.jpg
2011.06.23 15:08 B E:\filip\filip-project-vs21\www\images\fotovoltaicke-clanky02.jpg --> ftp.udvb.sk /public_html/images fotovoltaicke-clanky02.jpg
2011.06.23 15:08 B E:\filip\filip-project-vs21\www\images\fotovoltaicke-clanky03.jpg --> ftp.udvb.sk /public_html/images fotovoltaicke-clanky03.jpg
2011.06.23 15:08 B E:\filip\filip-project-vs21\www\images\geoterm-energia01.jpg --> ftp.udvb.sk /public_html/images geoterm-energia01.jpg
2011.06.23 15:08 B E:\filip\filip-project-vs21\www\images\geoterm-energia02.jpg --> ftp.udvb.sk /public_html/images geoterm-energia02.jpg
2011.06.23 15:08 B E:\filip\filip-project-vs21\www\images\geoterm-energia03.jpg --> ftp.udvb.sk /public_html/images geoterm-energia03.jpg
2011.06.23 15:08 B E:\filip\filip-project-vs21\www\images\geoterm-over.png --> ftp.udvb.sk /public_html/images geoterm-over.png
2011.06.23 15:08 B E:\filip\filip-project-vs21\www\images\geoterm.png --> ftp.udvb.sk /public_html/images geoterm.png
2011.06.23 15:08 B E:\filip\filip-project-vs21\www\images\header-text.jpg --> ftp.udvb.sk /public_html/images header-text.jpg
2011.06.23 15:08 B E:\filip\filip-project-vs21\www\images\header-text.png --> ftp.udvb.sk /public_html/images header-text.png
2011.06.23 15:08 B E:\filip\filip-project-vs21\www\images\image001.jpg --> ftp.udvb.sk /public_html/images image001.jpg
2011.06.23 15:08 B E:\filip\filip-project-vs21\www\images\image002.jpg --> ftp.udvb.sk /public_html/images image002.jpg
2011.06.23 15:08 B E:\filip\filip-project-vs21\www\images\input-bg.gif --> ftp.udvb.sk /public_html/images input-bg.gif
2011.06.23 15:08 B E:\filip\filip-project-vs21\www\images\legaslitava-over.png --> ftp.udvb.sk /public_html/images legaslitava-over.png
2011.06.23 15:08 B E:\filip\filip-project-vs21\www\images\legaslitava.png --> ftp.udvb.sk /public_html/images legaslitava.png
2011.06.23 15:08 B E:\filip\filip-project-vs21\www\images\logo-creating.png --> ftp.udvb.sk /public_html/images logo-creating.png
2011.06.23 15:08 B E:\filip\filip-project-vs21\www\images\logo-inren.png --> ftp.udvb.sk /public_html/images logo-inren.png
2011.06.23 15:08 B E:\filip\filip-project-vs21\www\images\logo-main.png --> ftp.udvb.sk /public_html/images logo-main.png
2011.06.23 15:08 B E:\filip\filip-project-vs21\www\images\lqem --> ftp.udvb.sk /public_html/images lqem
2011.06.23 15:08 B E:\filip\filip-project-vs21\www\images\main-bg-col.jpg --> ftp.udvb.sk /public_html/images main-bg-col.jpg
2011.06.23 15:08 B E:\filip\filip-project-vs21\www\images\main-bg.jpg --> ftp.udvb.sk /public_html/images main-bg.jpg
2011.06.23 15:08 B E:\filip\filip-project-vs21\www\images\mainmenu-bg-last.png --> ftp.udvb.sk /public_html/images mainmenu-bg-last.png
2011.06.23 15:08 B E:\filip\filip-project-vs21\www\images\mainmenu-bg.png --> ftp.udvb.sk /public_html/images mainmenu-bg.png
2011.06.23 15:08 B E:\filip\filip-project-vs21\www\images\moznostiprezentacie-over.png --> ftp.udvb.sk /public_html/images moznostiprezentacie-over.png
2011.06.23 15:08 B E:\filip\filip-project-vs21\www\images\moznostiprezentacie.png --> ftp.udvb.sk /public_html/images moznostiprezentacie.png
2011.06.23 15:08 B E:\filip\filip-project-vs21\www\images\odpadna-biomasa01.jpg --> ftp.udvb.sk /public_html/images odpadna-biomasa01.jpg
2011.06.23 15:08 B E:\filip\filip-project-vs21\www\images\odpadna-biomasa02.jpg --> ftp.udvb.sk /public_html/images odpadna-biomasa02.jpg
2011.06.23 15:08 B E:\filip\filip-project-vs21\www\images\odpady-z-drevopriemyslu01.jpg --> ftp.udvb.sk /public_html/images odpady-z-drevopriemyslu01.jpg
2011.06.23 15:08 B E:\filip\filip-project-vs21\www\images\odpady-z-drevopriemyslu02.jpg --> ftp.udvb.sk /public_html/images odpady-z-drevopriemyslu02.jpg
2011.06.23 15:08 B E:\filip\filip-project-vs21\www\images\oprojekte-over.png --> ftp.udvb.sk /public_html/images oprojekte-over.png
2011.06.23 15:08 B E:\filip\filip-project-vs21\www\images\oprojekte.png --> ftp.udvb.sk /public_html/images oprojekte.png
2011.06.23 15:08 B E:\filip\filip-project-vs21\www\images\partner01.png --> ftp.udvb.sk /public_html/images partner01.png
2011.06.23 15:08 B E:\filip\filip-project-vs21\www\images\partner02.png --> ftp.udvb.sk /public_html/images partner02.png
2011.06.23 15:08 B E:\filip\filip-project-vs21\www\images\pdficon_small.gif --> ftp.udvb.sk /public_html/images pdficon_small.gif
2011.06.23 15:08 B E:\filip\filip-project-vs21\www\images\podporaOZE-over.png --> ftp.udvb.sk /public_html/images podporaOZE-over.png
2011.06.23 15:08 B E:\filip\filip-project-vs21\www\images\podporaOZE.png --> ftp.udvb.sk /public_html/images podporaOZE.png
2011.06.23 15:08 B E:\filip\filip-project-vs21\www\images\search-bg.png --> ftp.udvb.sk /public_html/images search-bg.png
2011.06.23 15:08 B E:\filip\filip-project-vs21\www\images\side-menu-bg.png --> ftp.udvb.sk /public_html/images side-menu-bg.png
2011.06.23 15:08 B E:\filip\filip-project-vs21\www\images\slnecna-energia.jpg --> ftp.udvb.sk /public_html/images slnecna-energia.jpg
2011.06.23 15:08 B E:\filip\filip-project-vs21\www\images\slnko-over.png --> ftp.udvb.sk /public_html/images slnko-over.png
2011.06.23 15:08 B E:\filip\filip-project-vs21\www\images\slnko.jpg --> ftp.udvb.sk /public_html/images slnko.jpg
2011.06.23 15:08 B E:\filip\filip-project-vs21\www\images\slnko.png --> ftp.udvb.sk /public_html/images slnko.png
2011.06.23 15:08 B E:\filip\filip-project-vs21\www\images\slnko01.jpg --> ftp.udvb.sk /public_html/images slnko01.jpg
2011.06.23 15:08 B E:\filip\filip-project-vs21\www\images\slnko02.jpg --> ftp.udvb.sk /public_html/images slnko02.jpg
2011.06.23 15:08 B E:\filip\filip-project-vs21\www\images\slnko03.jpg --> ftp.udvb.sk /public_html/images slnko03.jpg
2011.06.23 15:08 B E:\filip\filip-project-vs21\www\images\spalovanie.jpg --> ftp.udvb.sk /public_html/images spalovanie.jpg
2011.06.23 15:08 B E:\filip\filip-project-vs21\www\images\spat.gif --> ftp.udvb.sk /public_html/images spat.gif
2011.06.23 15:08 B E:\filip\filip-project-vs21\www\images\termalna-energia.jpg --> ftp.udvb.sk /public_html/images termalna-energia.jpg
2011.06.23 15:08 B E:\filip\filip-project-vs21\www\images\text-bg.png --> ftp.udvb.sk /public_html/images text-bg.png
2011.06.23 15:08 B E:\filip\filip-project-vs21\www\images\Thumbs.db --> ftp.udvb.sk /public_html/images Thumbs.db
2011.06.23 15:08 B E:\filip\filip-project-vs21\www\images\tooltip-bg-bottom.png --> ftp.udvb.sk /public_html/images tooltip-bg-bottom.png
2011.06.23 15:08 B E:\filip\filip-project-vs21\www\images\tooltip-bg-left.png --> ftp.udvb.sk /public_html/images tooltip-bg-left.png
2011.06.23 15:08 B E:\filip\filip-project-vs21\www\images\tooltip-bg-right.png --> ftp.udvb.sk /public_html/images tooltip-bg-right.png
2011.06.23 15:08 B E:\filip\filip-project-vs21\www\images\tooltip-bg-top.png --> ftp.udvb.sk /public_html/images tooltip-bg-top.png
2011.06.23 15:08 B E:\filip\filip-project-vs21\www\images\tooltip-bg.png --> ftp.udvb.sk /public_html/images tooltip-bg.png
2011.06.23 15:08 B E:\filip\filip-project-vs21\www\images\tooltip-image.jpg --> ftp.udvb.sk /public_html/images tooltip-image.jpg
2011.06.23 15:08 B E:\filip\filip-project-vs21\www\images\topmenu-bg.png --> ftp.udvb.sk /public_html/images topmenu-bg.png
2011.06.23 15:08 B E:\filip\filip-project-vs21\www\images\veterna_energia_mapka.jpg --> ftp.udvb.sk /public_html/images veterna_energia_mapka.jpg
2011.06.23 15:08 B E:\filip\filip-project-vs21\www\images\veterne-elektrarny01.jpg --> ftp.udvb.sk /public_html/images veterne-elektrarny01.jpg
2011.06.23 15:08 B E:\filip\filip-project-vs21\www\images\veterne-elektrarny02.jpg --> ftp.udvb.sk /public_html/images veterne-elektrarny02.jpg
2011.06.23 15:08 B E:\filip\filip-project-vs21\www\images\veterne-elektrarny03.jpg --> ftp.udvb.sk /public_html/images veterne-elektrarny03.jpg
2011.06.23 15:08 B E:\filip\filip-project-vs21\www\images\vieterna-energia.jpg --> ftp.udvb.sk /public_html/images vieterna-energia.jpg
2011.06.23 15:08 B E:\filip\filip-project-vs21\www\images\vietor-over.png --> ftp.udvb.sk /public_html/images vietor-over.png
2011.06.23 15:08 B E:\filip\filip-project-vs21\www\images\vietor.png --> ftp.udvb.sk /public_html/images vietor.png
2011.06.23 15:08 B E:\filip\filip-project-vs21\www\images\voda-over.png --> ftp.udvb.sk /public_html/images voda-over.png
2011.06.23 15:08 B E:\filip\filip-project-vs21\www\images\voda.png --> ftp.udvb.sk /public_html/images voda.png
2011.06.23 15:08 B E:\filip\filip-project-vs21\www\images\vodna-energia.jpg --> ftp.udvb.sk /public_html/images vodna-energia.jpg
2011.06.23 15:08 B E:\filip\filip-project-vs21\www\images\vodni-elektrarny01.jpg --> ftp.udvb.sk /public_html/images vodni-elektrarny01.jpg
2011.06.23 15:08 B E:\filip\filip-project-vs21\www\images\vodni-elektrarny02.jpg --> ftp.udvb.sk /public_html/images vodni-elektrarny02.jpg
2011.06.23 15:08 B E:\filip\filip-project-vs21\www\images\vodni-turbiny01.jpg --> ftp.udvb.sk /public_html/images vodni-turbiny01.jpg
2011.06.23 15:08 B E:\filip\filip-project-vs21\www\images\vodni-turbiny02.jpg --> ftp.udvb.sk /public_html/images vodni-turbiny02.jpg
2011.06.23 15:08 B E:\filip\filip-project-vs21\www\images\vyhledat.gif --> ftp.udvb.sk /public_html/images vyhledat.gif
2011.06.23 15:08 B E:\filip\filip-project-vs21\www\images\vznik-bioplynu.jpg --> ftp.udvb.sk /public_html/images vznik-bioplynu.jpg
2011.06.23 15:08 B E:\filip\filip-project-vs21\www\images\WS_FTP.LOG --> ftp.udvb.sk /public_html/images WS_FTP.LOG
2011.06.23 15:08 B E:\filip\filip-project-vs21\www\images\zimna-zahrada01.jpg --> ftp.udvb.sk /public_html/images zimna-zahrada01.jpg
2011.06.23 15:08 B E:\filip\filip-project-vs21\www\images\zimna-zahrada02.jpg --> ftp.udvb.sk /public_html/images zimna-zahrada02.jpg
2011.06.23 15:08 B E:\filip\filip-project-vs21\www\images\zimna-zahrada03.jpg --> ftp.udvb.sk /public_html/images zimna-zahrada03.jpg
2011.06.23 15:08 B E:\filip\filip-project-vs21\www\images\zoznamdodavatelov-over.png --> ftp.udvb.sk /public_html/images zoznamdodavatelov-over.png
2011.06.23 15:08 B E:\filip\filip-project-vs21\www\images\zoznamdodavatelov.png --> ftp.udvb.sk /public_html/images zoznamdodavatelov.png
2011.06.23 15:14 B E:\filip\filip-project-vs21\www\images\bazeny01.jpg --> ftp.atlasoze.sk /public_html/images bazeny01.jpg
2011.06.23 15:14 B E:\filip\filip-project-vs21\www\images\bazeny02.jpg --> ftp.atlasoze.sk /public_html/images bazeny02.jpg
2011.06.23 15:14 B E:\filip\filip-project-vs21\www\images\bazeny03.jpg --> ftp.atlasoze.sk /public_html/images bazeny03.jpg
2011.06.23 15:14 B E:\filip\filip-project-vs21\www\images\biomasa-energia.jpg --> ftp.atlasoze.sk /public_html/images biomasa-energia.jpg
2011.06.23 15:14 B E:\filip\filip-project-vs21\www\images\biomasa-graf.gif --> ftp.atlasoze.sk /public_html/images biomasa-graf.gif
2011.06.23 15:14 B E:\filip\filip-project-vs21\www\images\biomasa-over.png --> ftp.atlasoze.sk /public_html/images biomasa-over.png
2011.06.23 15:14 B E:\filip\filip-project-vs21\www\images\biomasa-rust01.jpg --> ftp.atlasoze.sk /public_html/images biomasa-rust01.jpg
2011.06.23 15:14 B E:\filip\filip-project-vs21\www\images\biomasa-rust02.jpg --> ftp.atlasoze.sk /public_html/images biomasa-rust02.jpg
2011.06.23 15:14 B E:\filip\filip-project-vs21\www\images\biomasa-rust03.jpg --> ftp.atlasoze.sk /public_html/images biomasa-rust03.jpg
2011.06.23 15:14 B E:\filip\filip-project-vs21\www\images\biomasa-vyroba01.jpg --> ftp.atlasoze.sk /public_html/images biomasa-vyroba01.jpg
2011.06.23 15:14 B E:\filip\filip-project-vs21\www\images\biomasa-vyroba02.jpg --> ftp.atlasoze.sk /public_html/images biomasa-vyroba02.jpg
2011.06.23 15:14 B E:\filip\filip-project-vs21\www\images\biomasa-vyroba03.jpg --> ftp.atlasoze.sk /public_html/images biomasa-vyroba03.jpg
2011.06.23 15:14 B E:\filip\filip-project-vs21\www\images\biomasa.png --> ftp.atlasoze.sk /public_html/images biomasa.png
2011.06.23 15:14 B E:\filip\filip-project-vs21\www\images\biomasa01.jpg --> ftp.atlasoze.sk /public_html/images biomasa01.jpg
2011.06.23 15:14 B E:\filip\filip-project-vs21\www\images\biomasa02.jpg --> ftp.atlasoze.sk /public_html/images biomasa02.jpg
2011.06.23 15:14 B E:\filip\filip-project-vs21\www\images\biomasa03.jpg --> ftp.atlasoze.sk /public_html/images biomasa03.jpg
2011.06.23 15:14 B E:\filip\filip-project-vs21\www\images\biomasa04.jpg --> ftp.atlasoze.sk /public_html/images biomasa04.jpg
2011.06.23 15:14 B E:\filip\filip-project-vs21\www\images\biopaliva-over.png --> ftp.atlasoze.sk /public_html/images biopaliva-over.png
2011.06.23 15:14 B E:\filip\filip-project-vs21\www\images\biopaliva.png --> ftp.atlasoze.sk /public_html/images biopaliva.png
2011.06.23 15:14 B E:\filip\filip-project-vs21\www\images\bioplyn-graf.gif --> ftp.atlasoze.sk /public_html/images bioplyn-graf.gif
2011.06.23 15:14 B E:\filip\filip-project-vs21\www\images\bioplyn-over.png --> ftp.atlasoze.sk /public_html/images bioplyn-over.png
2011.06.23 15:14 B E:\filip\filip-project-vs21\www\images\bioplyn.png --> ftp.atlasoze.sk /public_html/images bioplyn.png
2011.06.23 15:14 B E:\filip\filip-project-vs21\www\images\content-bg-slice.png --> ftp.atlasoze.sk /public_html/images content-bg-slice.png
2011.06.23 15:14 B E:\filip\filip-project-vs21\www\images\content-bg.jpg --> ftp.atlasoze.sk /public_html/images content-bg.jpg
2011.06.23 15:14 B E:\filip\filip-project-vs21\www\images\devider-footer.png --> ftp.atlasoze.sk /public_html/images devider-footer.png
2011.06.23 15:14 B E:\filip\filip-project-vs21\www\images\devider.png --> ftp.atlasoze.sk /public_html/images devider.png
2011.06.23 15:14 B E:\filip\filip-project-vs21\www\images\dot.png --> ftp.atlasoze.sk /public_html/images dot.png
2011.06.23 15:14 B E:\filip\filip-project-vs21\www\images\ECB_logo.png --> ftp.atlasoze.sk /public_html/images ECB_logo.png
2011.06.23 15:14 B E:\filip\filip-project-vs21\www\images\EUflag_ERDF.png --> ftp.atlasoze.sk /public_html/images EUflag_ERDF.png
2011.06.23 15:14 B E:\filip\filip-project-vs21\www\images\footer-bg.png --> ftp.atlasoze.sk /public_html/images footer-bg.png
2011.06.23 15:14 B E:\filip\filip-project-vs21\www\images\fotovoltaicke-clanky01.jpg --> ftp.atlasoze.sk /public_html/images fotovoltaicke-clanky01.jpg
2011.06.23 15:14 B E:\filip\filip-project-vs21\www\images\fotovoltaicke-clanky02.jpg --> ftp.atlasoze.sk /public_html/images fotovoltaicke-clanky02.jpg
2011.06.23 15:14 B E:\filip\filip-project-vs21\www\images\fotovoltaicke-clanky03.jpg --> ftp.atlasoze.sk /public_html/images fotovoltaicke-clanky03.jpg
2011.06.23 15:14 B E:\filip\filip-project-vs21\www\images\geoterm-energia01.jpg --> ftp.atlasoze.sk /public_html/images geoterm-energia01.jpg
2011.06.23 15:14 B E:\filip\filip-project-vs21\www\images\geoterm-energia02.jpg --> ftp.atlasoze.sk /public_html/images geoterm-energia02.jpg
2011.06.23 15:14 B E:\filip\filip-project-vs21\www\images\geoterm-energia03.jpg --> ftp.atlasoze.sk /public_html/images geoterm-energia03.jpg
2011.06.23 15:14 B E:\filip\filip-project-vs21\www\images\geoterm-over.png --> ftp.atlasoze.sk /public_html/images geoterm-over.png
2011.06.23 15:14 B E:\filip\filip-project-vs21\www\images\geoterm.png --> ftp.atlasoze.sk /public_html/images geoterm.png
2011.06.23 15:14 B E:\filip\filip-project-vs21\www\images\header-text.jpg --> ftp.atlasoze.sk /public_html/images header-text.jpg
2011.06.23 15:14 B E:\filip\filip-project-vs21\www\images\header-text.png --> ftp.atlasoze.sk /public_html/images header-text.png
2011.06.23 15:14 B E:\filip\filip-project-vs21\www\images\image001.jpg --> ftp.atlasoze.sk /public_html/images image001.jpg
2011.06.23 15:14 B E:\filip\filip-project-vs21\www\images\image002.jpg --> ftp.atlasoze.sk /public_html/images image002.jpg
2011.06.23 15:14 B E:\filip\filip-project-vs21\www\images\input-bg.gif --> ftp.atlasoze.sk /public_html/images input-bg.gif
2011.06.23 15:14 B E:\filip\filip-project-vs21\www\images\legaslitava-over.png --> ftp.atlasoze.sk /public_html/images legaslitava-over.png
2011.06.23 15:14 B E:\filip\filip-project-vs21\www\images\legaslitava.png --> ftp.atlasoze.sk /public_html/images legaslitava.png
2011.06.23 15:14 B E:\filip\filip-project-vs21\www\images\logo-creating.png --> ftp.atlasoze.sk /public_html/images logo-creating.png
2011.06.23 15:14 B E:\filip\filip-project-vs21\www\images\logo-inren.png --> ftp.atlasoze.sk /public_html/images logo-inren.png
2011.06.23 15:14 B E:\filip\filip-project-vs21\www\images\logo-main.png --> ftp.atlasoze.sk /public_html/images logo-main.png
2011.06.23 15:14 B E:\filip\filip-project-vs21\www\images\lqem --> ftp.atlasoze.sk /public_html/images lqem
2011.06.23 15:14 B E:\filip\filip-project-vs21\www\images\main-bg-col.jpg --> ftp.atlasoze.sk /public_html/images main-bg-col.jpg
2011.06.23 15:14 B E:\filip\filip-project-vs21\www\images\main-bg.jpg --> ftp.atlasoze.sk /public_html/images main-bg.jpg
2011.06.23 15:14 B E:\filip\filip-project-vs21\www\images\mainmenu-bg-last.png --> ftp.atlasoze.sk /public_html/images mainmenu-bg-last.png
2011.06.23 15:14 B E:\filip\filip-project-vs21\www\images\mainmenu-bg.png --> ftp.atlasoze.sk /public_html/images mainmenu-bg.png
2011.06.23 15:14 B E:\filip\filip-project-vs21\www\images\moznostiprezentacie-over.png --> ftp.atlasoze.sk /public_html/images moznostiprezentacie-over.png
2011.06.23 15:14 B E:\filip\filip-project-vs21\www\images\moznostiprezentacie.png --> ftp.atlasoze.sk /public_html/images moznostiprezentacie.png
2011.06.23 15:14 B E:\filip\filip-project-vs21\www\images\odpadna-biomasa01.jpg --> ftp.atlasoze.sk /public_html/images odpadna-biomasa01.jpg
2011.06.23 15:14 B E:\filip\filip-project-vs21\www\images\odpadna-biomasa02.jpg --> ftp.atlasoze.sk /public_html/images odpadna-biomasa02.jpg
2011.06.23 15:14 B E:\filip\filip-project-vs21\www\images\odpady-z-drevopriemyslu01.jpg --> ftp.atlasoze.sk /public_html/images odpady-z-drevopriemyslu01.jpg
2011.06.23 15:14 B E:\filip\filip-project-vs21\www\images\odpady-z-drevopriemyslu02.jpg --> ftp.atlasoze.sk /public_html/images odpady-z-drevopriemyslu02.jpg
2011.06.23 15:14 B E:\filip\filip-project-vs21\www\images\oprojekte-over.png --> ftp.atlasoze.sk /public_html/images oprojekte-over.png
2011.06.23 15:14 B E:\filip\filip-project-vs21\www\images\oprojekte.png --> ftp.atlasoze.sk /public_html/images oprojekte.png
2011.06.23 15:14 B E:\filip\filip-project-vs21\www\images\partner01.png --> ftp.atlasoze.sk /public_html/images partner01.png
2011.06.23 15:14 B E:\filip\filip-project-vs21\www\images\partner02.png --> ftp.atlasoze.sk /public_html/images partner02.png
2011.06.23 15:14 B E:\filip\filip-project-vs21\www\images\pdficon_small.gif --> ftp.atlasoze.sk /public_html/images pdficon_small.gif
2011.06.23 15:14 B E:\filip\filip-project-vs21\www\images\podporaOZE-over.png --> ftp.atlasoze.sk /public_html/images podporaOZE-over.png
2011.06.23 15:14 B E:\filip\filip-project-vs21\www\images\podporaOZE.png --> ftp.atlasoze.sk /public_html/images podporaOZE.png
2011.06.23 15:14 B E:\filip\filip-project-vs21\www\images\search-bg.png --> ftp.atlasoze.sk /public_html/images search-bg.png
2011.06.23 15:14 B E:\filip\filip-project-vs21\www\images\side-menu-bg.png --> ftp.atlasoze.sk /public_html/images side-menu-bg.png
2011.06.23 15:14 B E:\filip\filip-project-vs21\www\images\slnecna-energia.jpg --> ftp.atlasoze.sk /public_html/images slnecna-energia.jpg
2011.06.23 15:14 B E:\filip\filip-project-vs21\www\images\slnko-over.png --> ftp.atlasoze.sk /public_html/images slnko-over.png
2011.06.23 15:14 B E:\filip\filip-project-vs21\www\images\slnko.jpg --> ftp.atlasoze.sk /public_html/images slnko.jpg
2011.06.23 15:14 B E:\filip\filip-project-vs21\www\images\slnko.png --> ftp.atlasoze.sk /public_html/images slnko.png
2011.06.23 15:14 B E:\filip\filip-project-vs21\www\images\slnko01.jpg --> ftp.atlasoze.sk /public_html/images slnko01.jpg
2011.06.23 15:14 B E:\filip\filip-project-vs21\www\images\slnko02.jpg --> ftp.atlasoze.sk /public_html/images slnko02.jpg
2011.06.23 15:14 B E:\filip\filip-project-vs21\www\images\slnko03.jpg --> ftp.atlasoze.sk /public_html/images slnko03.jpg
2011.06.23 15:14 B E:\filip\filip-project-vs21\www\images\spalovanie.jpg --> ftp.atlasoze.sk /public_html/images spalovanie.jpg
2011.06.23 15:14 B E:\filip\filip-project-vs21\www\images\spat.gif --> ftp.atlasoze.sk /public_html/images spat.gif
2011.06.23 15:14 B E:\filip\filip-project-vs21\www\images\termalna-energia.jpg --> ftp.atlasoze.sk /public_html/images termalna-energia.jpg
2011.06.23 15:14 B E:\filip\filip-project-vs21\www\images\text-bg.png --> ftp.atlasoze.sk /public_html/images text-bg.png
2011.06.23 15:14 B E:\filip\filip-project-vs21\www\images\Thumbs.db --> ftp.atlasoze.sk /public_html/images Thumbs.db
2011.06.23 15:14 B E:\filip\filip-project-vs21\www\images\tooltip-bg-bottom.png --> ftp.atlasoze.sk /public_html/images tooltip-bg-bottom.png
2011.06.23 15:14 B E:\filip\filip-project-vs21\www\images\tooltip-bg-left.png --> ftp.atlasoze.sk /public_html/images tooltip-bg-left.png
2011.06.23 15:14 B E:\filip\filip-project-vs21\www\images\tooltip-bg-right.png --> ftp.atlasoze.sk /public_html/images tooltip-bg-right.png
2011.06.23 15:14 B E:\filip\filip-project-vs21\www\images\tooltip-bg-top.png --> ftp.atlasoze.sk /public_html/images tooltip-bg-top.png
2011.06.23 15:14 B E:\filip\filip-project-vs21\www\images\tooltip-bg.png --> ftp.atlasoze.sk /public_html/images tooltip-bg.png
2011.06.23 15:14 B E:\filip\filip-project-vs21\www\images\tooltip-image.jpg --> ftp.atlasoze.sk /public_html/images tooltip-image.jpg
2011.06.23 15:14 B E:\filip\filip-project-vs21\www\images\topmenu-bg.png --> ftp.atlasoze.sk /public_html/images topmenu-bg.png
2011.06.23 15:14 B E:\filip\filip-project-vs21\www\images\veterna_energia_mapka.jpg --> ftp.atlasoze.sk /public_html/images veterna_energia_mapka.jpg
2011.06.23 15:14 B E:\filip\filip-project-vs21\www\images\veterne-elektrarny01.jpg --> ftp.atlasoze.sk /public_html/images veterne-elektrarny01.jpg
2011.06.23 15:14 B E:\filip\filip-project-vs21\www\images\veterne-elektrarny02.jpg --> ftp.atlasoze.sk /public_html/images veterne-elektrarny02.jpg
2011.06.23 15:14 B E:\filip\filip-project-vs21\www\images\veterne-elektrarny03.jpg --> ftp.atlasoze.sk /public_html/images veterne-elektrarny03.jpg
2011.06.23 15:14 B E:\filip\filip-project-vs21\www\images\vieterna-energia.jpg --> ftp.atlasoze.sk /public_html/images vieterna-energia.jpg
2011.06.23 15:14 B E:\filip\filip-project-vs21\www\images\vietor-over.png --> ftp.atlasoze.sk /public_html/images vietor-over.png
2011.06.23 15:14 B E:\filip\filip-project-vs21\www\images\vietor.png --> ftp.atlasoze.sk /public_html/images vietor.png
2011.06.23 15:14 B E:\filip\filip-project-vs21\www\images\voda-over.png --> ftp.atlasoze.sk /public_html/images voda-over.png
2011.06.23 15:14 B E:\filip\filip-project-vs21\www\images\voda.png --> ftp.atlasoze.sk /public_html/images voda.png
2011.06.23 15:14 B E:\filip\filip-project-vs21\www\images\vodna-energia.jpg --> ftp.atlasoze.sk /public_html/images vodna-energia.jpg
2011.06.23 15:14 B E:\filip\filip-project-vs21\www\images\vodni-elektrarny01.jpg --> ftp.atlasoze.sk /public_html/images vodni-elektrarny01.jpg
2011.06.23 15:14 B E:\filip\filip-project-vs21\www\images\vodni-elektrarny02.jpg --> ftp.atlasoze.sk /public_html/images vodni-elektrarny02.jpg
2011.06.23 15:14 B E:\filip\filip-project-vs21\www\images\vodni-turbiny01.jpg --> ftp.atlasoze.sk /public_html/images vodni-turbiny01.jpg
2011.06.23 15:14 B E:\filip\filip-project-vs21\www\images\vodni-turbiny02.jpg --> ftp.atlasoze.sk /public_html/images vodni-turbiny02.jpg
2011.06.23 15:14 B E:\filip\filip-project-vs21\www\images\vyhledat.gif --> ftp.atlasoze.sk /public_html/images vyhledat.gif
2011.06.23 15:14 B E:\filip\filip-project-vs21\www\images\vznik-bioplynu.jpg --> ftp.atlasoze.sk /public_html/images vznik-bioplynu.jpg
2011.06.23 15:14 B E:\filip\filip-project-vs21\www\images\WS_FTP.LOG --> ftp.atlasoze.sk /public_html/images WS_FTP.LOG
2011.06.23 15:14 B E:\filip\filip-project-vs21\www\images\zimna-zahrada01.jpg --> ftp.atlasoze.sk /public_html/images zimna-zahrada01.jpg
2011.06.23 15:14 B E:\filip\filip-project-vs21\www\images\zimna-zahrada02.jpg --> ftp.atlasoze.sk /public_html/images zimna-zahrada02.jpg
2011.06.23 15:14 B E:\filip\filip-project-vs21\www\images\zimna-zahrada03.jpg --> ftp.atlasoze.sk /public_html/images zimna-zahrada03.jpg
2011.06.23 15:14 B E:\filip\filip-project-vs21\www\images\zoznamdodavatelov-over.png --> ftp.atlasoze.sk /public_html/images zoznamdodavatelov-over.png
2011.06.23 15:14 B E:\filip\filip-project-vs21\www\images\zoznamdodavatelov.png --> ftp.atlasoze.sk /public_html/images zoznamdodavatelov.png
2011.07.07 14:39 B E:\atlasOZE\filip-project-vs21\www\images\logo_ecb.png --> ftp.atlasoze.sk /public_html/images logo_ecb.png
2011.07.07 14:39 B E:\atlasOZE\filip-project-vs21\www\images\WS_FTP.LOG --> ftp.atlasoze.sk /public_html/images WS_FTP.LOG
2011.07.07 15:08 B E:\atlasOZE\filip-project-vs22\www\images\EUflag_ERDF.png --> ftp.atlasoze.sk /public_html/images EUflag_ERDF.png
2011.07.07 15:08 B E:\atlasOZE\filip-project-vs22\www\images\logo-creating.png --> ftp.atlasoze.sk /public_html/images logo-creating.png
2011.07.07 15:08 B E:\atlasOZE\filip-project-vs22\www\images\logo-inren.png --> ftp.atlasoze.sk /public_html/images logo-inren.png
2011.07.07 15:08 B E:\atlasOZE\filip-project-vs22\www\images\logo_ecb.png --> ftp.atlasoze.sk /public_html/images logo_ecb.png
2011.07.07 15:08 B E:\atlasOZE\filip-project-vs22\www\images\WS_FTP.LOG --> ftp.atlasoze.sk /public_html/images WS_FTP.LOG
2011.07.12 22:01 B E:\atlasOZE\filip-project-vs22\www\images\logo-inren.png --> ftp.atlasoze.sk /public_html/images logo-inren.png
