2011.06.05 12:08 B E:\filip\filip-project-vs19\www\images\mapy\mapa-biomasa.png --> epomschar.aspone.cz /www/images/mapy mapa-biomasa.png
2011.06.05 12:08 B E:\filip\filip-project-vs19\www\images\mapy\mapa-biopaliva.png --> epomschar.aspone.cz /www/images/mapy mapa-biopaliva.png
2011.06.05 12:08 B E:\filip\filip-project-vs19\www\images\mapy\mapa-bioplyn.png --> epomschar.aspone.cz /www/images/mapy mapa-bioplyn.png
2011.06.05 12:08 B E:\filip\filip-project-vs19\www\images\mapy\mapa-geotermal.png --> epomschar.aspone.cz /www/images/mapy mapa-geotermal.png
2011.06.05 12:09 B E:\filip\filip-project-vs19\www\images\mapy\mapa-solar.png --> epomschar.aspone.cz /www/images/mapy mapa-solar.png
2011.06.05 12:09 B E:\filip\filip-project-vs19\www\images\mapy\mapa-vietor.png --> epomschar.aspone.cz /www/images/mapy mapa-vietor.png
2011.06.05 12:09 B E:\filip\filip-project-vs19\www\images\mapy\mapa-voda.png --> epomschar.aspone.cz /www/images/mapy mapa-voda.png
2011.06.05 12:09 B E:\filip\filip-project-vs19\www\images\mapy\mapa.png --> epomschar.aspone.cz /www/images/mapy mapa.png
2011.06.05 20:23 B E:\filip\filip-project-vs20\www\images\mapy\WS_FTP.LOG --> epomschar.aspone.cz /www/images/mapy WS_FTP.LOG
2011.06.07 14:59 B E:\filip\filip-project-vs20\www\images\mapy\mapa-biomasa.png --> epomschar.aspone.cz /www/images/mapy mapa-biomasa.png
2011.06.07 14:59 B E:\filip\filip-project-vs20\www\images\mapy\mapa-biopaliva.png --> epomschar.aspone.cz /www/images/mapy mapa-biopaliva.png
2011.06.07 14:59 B E:\filip\filip-project-vs20\www\images\mapy\mapa-bioplyn.png --> epomschar.aspone.cz /www/images/mapy mapa-bioplyn.png
2011.06.07 14:59 B E:\filip\filip-project-vs20\www\images\mapy\mapa-geotermal.png --> epomschar.aspone.cz /www/images/mapy mapa-geotermal.png
2011.06.07 14:59 B E:\filip\filip-project-vs20\www\images\mapy\mapa-solar.png --> epomschar.aspone.cz /www/images/mapy mapa-solar.png
2011.06.07 14:59 B E:\filip\filip-project-vs20\www\images\mapy\mapa-vietor.png --> epomschar.aspone.cz /www/images/mapy mapa-vietor.png
2011.06.07 14:59 B E:\filip\filip-project-vs20\www\images\mapy\mapa-voda.png --> epomschar.aspone.cz /www/images/mapy mapa-voda.png
2011.06.07 14:59 B E:\filip\filip-project-vs20\www\images\mapy\mapa.png --> epomschar.aspone.cz /www/images/mapy mapa.png
2011.06.07 14:59 B E:\filip\filip-project-vs20\www\images\mapy\WS_FTP.LOG --> epomschar.aspone.cz /www/images/mapy WS_FTP.LOG
2011.06.07 15:43 B E:\filip\filip-project-vs20\www\images\mapy\WS_FTP.LOG --> epomschar.aspone.cz /www/images/mapy WS_FTP.LOG
2011.06.23 15:07 B E:\filip\filip-project-vs21\www\images\mapy\mapa-biomasa.png --> ftp.udvb.sk /public_html/images/mapy mapa-biomasa.png
2011.06.23 15:07 B E:\filip\filip-project-vs21\www\images\mapy\mapa-biopaliva.png --> ftp.udvb.sk /public_html/images/mapy mapa-biopaliva.png
2011.06.23 15:07 B E:\filip\filip-project-vs21\www\images\mapy\mapa-bioplyn.png --> ftp.udvb.sk /public_html/images/mapy mapa-bioplyn.png
2011.06.23 15:07 B E:\filip\filip-project-vs21\www\images\mapy\mapa-geotermal.png --> ftp.udvb.sk /public_html/images/mapy mapa-geotermal.png
2011.06.23 15:07 B E:\filip\filip-project-vs21\www\images\mapy\mapa-solar.png --> ftp.udvb.sk /public_html/images/mapy mapa-solar.png
2011.06.23 15:07 B E:\filip\filip-project-vs21\www\images\mapy\mapa-vietor.png --> ftp.udvb.sk /public_html/images/mapy mapa-vietor.png
2011.06.23 15:08 B E:\filip\filip-project-vs21\www\images\mapy\mapa-voda.png --> ftp.udvb.sk /public_html/images/mapy mapa-voda.png
2011.06.23 15:08 B E:\filip\filip-project-vs21\www\images\mapy\mapa.png --> ftp.udvb.sk /public_html/images/mapy mapa.png
2011.06.23 15:08 B E:\filip\filip-project-vs21\www\images\mapy\WS_FTP.LOG --> ftp.udvb.sk /public_html/images/mapy WS_FTP.LOG
2011.06.23 15:14 B E:\filip\filip-project-vs21\www\images\mapy\mapa-biomasa.png --> ftp.atlasoze.sk /public_html/images/mapy mapa-biomasa.png
2011.06.23 15:14 B E:\filip\filip-project-vs21\www\images\mapy\mapa-biopaliva.png --> ftp.atlasoze.sk /public_html/images/mapy mapa-biopaliva.png
2011.06.23 15:14 B E:\filip\filip-project-vs21\www\images\mapy\mapa-bioplyn.png --> ftp.atlasoze.sk /public_html/images/mapy mapa-bioplyn.png
2011.06.23 15:14 B E:\filip\filip-project-vs21\www\images\mapy\mapa-geotermal.png --> ftp.atlasoze.sk /public_html/images/mapy mapa-geotermal.png
2011.06.23 15:14 B E:\filip\filip-project-vs21\www\images\mapy\mapa-solar.png --> ftp.atlasoze.sk /public_html/images/mapy mapa-solar.png
2011.06.23 15:14 B E:\filip\filip-project-vs21\www\images\mapy\mapa-vietor.png --> ftp.atlasoze.sk /public_html/images/mapy mapa-vietor.png
2011.06.23 15:14 B E:\filip\filip-project-vs21\www\images\mapy\mapa-voda.png --> ftp.atlasoze.sk /public_html/images/mapy mapa-voda.png
2011.06.23 15:14 B E:\filip\filip-project-vs21\www\images\mapy\mapa.png --> ftp.atlasoze.sk /public_html/images/mapy mapa.png
2011.06.23 15:14 B E:\filip\filip-project-vs21\www\images\mapy\WS_FTP.LOG --> ftp.atlasoze.sk /public_html/images/mapy WS_FTP.LOG
2011.07.07 14:39 B E:\atlasOZE\filip-project-vs21\www\images\mapy\WS_FTP.LOG --> ftp.atlasoze.sk /public_html/images/mapy WS_FTP.LOG
2011.07.07 15:08 B E:\atlasOZE\filip-project-vs22\www\images\mapy\WS_FTP.LOG --> ftp.atlasoze.sk /public_html/images/mapy WS_FTP.LOG
