2011.06.05 12:08 B E:\filip\filip-project-vs19\www\dodavatel\biomasa-dodavatel.html --> epomschar.aspone.cz /www/dodavatel biomasa-dodavatel.html
2011.06.05 12:08 B E:\filip\filip-project-vs19\www\dodavatel\biopaliva-dodavatel.html --> epomschar.aspone.cz /www/dodavatel biopaliva-dodavatel.html
2011.06.05 12:08 B E:\filip\filip-project-vs19\www\dodavatel\bioplyn-dodavatel.html --> epomschar.aspone.cz /www/dodavatel bioplyn-dodavatel.html
2011.06.05 12:08 B E:\filip\filip-project-vs19\www\dodavatel\geotermal-dodavatel.html --> epomschar.aspone.cz /www/dodavatel geotermal-dodavatel.html
2011.06.05 12:08 B E:\filip\filip-project-vs19\www\dodavatel\mve-dodavatel.html --> epomschar.aspone.cz /www/dodavatel mve-dodavatel.html
2011.06.05 12:08 B E:\filip\filip-project-vs19\www\dodavatel\solar-dodavatel.html --> epomschar.aspone.cz /www/dodavatel solar-dodavatel.html
2011.06.05 12:08 B E:\filip\filip-project-vs19\www\dodavatel\vietor-dodavatel.html --> epomschar.aspone.cz /www/dodavatel vietor-dodavatel.html
2011.06.05 20:22 B E:\filip\filip-project-vs20\www\dodavatel\WS_FTP.LOG --> epomschar.aspone.cz /www/dodavatel WS_FTP.LOG
2011.06.07 14:59 B E:\filip\filip-project-vs20\www\dodavatel\WS_FTP.LOG --> epomschar.aspone.cz /www/dodavatel WS_FTP.LOG
2011.06.07 15:43 B E:\filip\filip-project-vs20\www\dodavatel\WS_FTP.LOG --> epomschar.aspone.cz /www/dodavatel WS_FTP.LOG
2011.06.23 15:07 B E:\filip\filip-project-vs21\www\dodavatel\biomasa-dodavatel.html --> ftp.udvb.sk /public_html/dodavatel biomasa-dodavatel.html
2011.06.23 15:07 B E:\filip\filip-project-vs21\www\dodavatel\biopaliva-dodavatel.html --> ftp.udvb.sk /public_html/dodavatel biopaliva-dodavatel.html
2011.06.23 15:07 B E:\filip\filip-project-vs21\www\dodavatel\bioplyn-dodavatel.html --> ftp.udvb.sk /public_html/dodavatel bioplyn-dodavatel.html
2011.06.23 15:07 B E:\filip\filip-project-vs21\www\dodavatel\geotermal-dodavatel.html --> ftp.udvb.sk /public_html/dodavatel geotermal-dodavatel.html
2011.06.23 15:07 B E:\filip\filip-project-vs21\www\dodavatel\mve-dodavatel.html --> ftp.udvb.sk /public_html/dodavatel mve-dodavatel.html
2011.06.23 15:07 B E:\filip\filip-project-vs21\www\dodavatel\solar-dodavatel.html --> ftp.udvb.sk /public_html/dodavatel solar-dodavatel.html
2011.06.23 15:07 B E:\filip\filip-project-vs21\www\dodavatel\vietor-dodavatel.html --> ftp.udvb.sk /public_html/dodavatel vietor-dodavatel.html
2011.06.23 15:07 B E:\filip\filip-project-vs21\www\dodavatel\WS_FTP.LOG --> ftp.udvb.sk /public_html/dodavatel WS_FTP.LOG
2011.06.23 15:14 B E:\filip\filip-project-vs21\www\dodavatel\biomasa-dodavatel.html --> ftp.atlasoze.sk /public_html/dodavatel biomasa-dodavatel.html
2011.06.23 15:14 B E:\filip\filip-project-vs21\www\dodavatel\biopaliva-dodavatel.html --> ftp.atlasoze.sk /public_html/dodavatel biopaliva-dodavatel.html
2011.06.23 15:14 B E:\filip\filip-project-vs21\www\dodavatel\bioplyn-dodavatel.html --> ftp.atlasoze.sk /public_html/dodavatel bioplyn-dodavatel.html
2011.06.23 15:14 B E:\filip\filip-project-vs21\www\dodavatel\geotermal-dodavatel.html --> ftp.atlasoze.sk /public_html/dodavatel geotermal-dodavatel.html
2011.06.23 15:14 B E:\filip\filip-project-vs21\www\dodavatel\mve-dodavatel.html --> ftp.atlasoze.sk /public_html/dodavatel mve-dodavatel.html
2011.06.23 15:14 B E:\filip\filip-project-vs21\www\dodavatel\solar-dodavatel.html --> ftp.atlasoze.sk /public_html/dodavatel solar-dodavatel.html
2011.06.23 15:14 B E:\filip\filip-project-vs21\www\dodavatel\vietor-dodavatel.html --> ftp.atlasoze.sk /public_html/dodavatel vietor-dodavatel.html
